<?xml version="1.0" encoding="UTF-8"?>
<testsuite xmlns:xsi="http://www.w3.org/2001/XMLSchema-instance" xsi:noNamespaceSchemaLocation="https://maven.apache.org/surefire/maven-surefire-plugin/xsd/surefire-test-report.xsd" version="3.0.2" name="nl.rabobank.mithun.assessment.timeline.TimelineApplicationTests" time="41.927" tests="1" errors="0" skipped="0" failures="0">
  <properties>
    <property name="java.specification.version" value="21"/>
    <property name="sun.jnu.encoding" value="UTF-8"/>
    <property name="java.class.path" value="/Users/mithunramkumararumugam/Documents/Mithun/Rabo/timeline/target/test-classes:/Users/mithunramkumararumugam/Documents/Mithun/Rabo/timeline/target/classes:/Users/mithunramkumararumugam/.m2/repository/org/springframework/boot/spring-boot-starter-data-jpa/3.3.5/spring-boot-starter-data-jpa-3.3.5.jar:/Users/mithunramkumararumugam/.m2/repository/org/springframework/boot/spring-boot-starter-aop/3.3.5/spring-boot-starter-aop-3.3.5.jar:/Users/mithunramkumararumugam/.m2/repository/org/springframework/spring-aop/6.1.14/spring-aop-6.1.14.jar:/Users/mithunramkumararumugam/.m2/repository/org/aspectj/aspectjweaver/1.9.22.1/aspectjweaver-1.9.22.1.jar:/Users/mithunramkumararumugam/.m2/repository/org/springframework/boot/spring-boot-starter-jdbc/3.3.5/spring-boot-starter-jdbc-3.3.5.jar:/Users/mithunramkumararumugam/.m2/repository/com/zaxxer/HikariCP/5.1.0/HikariCP-5.1.0.jar:/Users/mithunramkumararumugam/.m2/repository/org/springframework/spring-jdbc/6.1.14/spring-jdbc-6.1.14.jar:/Users/mithunramkumararumugam/.m2/repository/org/hibernate/orm/hibernate-core/6.5.3.Final/hibernate-core-6.5.3.Final.jar:/Users/mithunramkumararumugam/.m2/repository/jakarta/persistence/jakarta.persistence-api/3.1.0/jakarta.persistence-api-3.1.0.jar:/Users/mithunramkumararumugam/.m2/repository/jakarta/transaction/jakarta.transaction-api/2.0.1/jakarta.transaction-api-2.0.1.jar:/Users/mithunramkumararumugam/.m2/repository/org/jboss/logging/jboss-logging/3.5.3.Final/jboss-logging-3.5.3.Final.jar:/Users/mithunramkumararumugam/.m2/repository/org/hibernate/common/hibernate-commons-annotations/6.0.6.Final/hibernate-commons-annotations-6.0.6.Final.jar:/Users/mithunramkumararumugam/.m2/repository/io/smallrye/jandex/3.1.2/jandex-3.1.2.jar:/Users/mithunramkumararumugam/.m2/repository/com/fasterxml/classmate/1.7.0/classmate-1.7.0.jar:/Users/mithunramkumararumugam/.m2/repository/net/bytebuddy/byte-buddy/1.14.19/byte-buddy-1.14.19.jar:/Users/mithunramkumararumugam/.m2/repository/org/glassfish/jaxb/jaxb-runtime/4.0.5/jaxb-runtime-4.0.5.jar:/Users/mithunramkumararumugam/.m2/repository/org/glassfish/jaxb/jaxb-core/4.0.5/jaxb-core-4.0.5.jar:/Users/mithunramkumararumugam/.m2/repository/org/eclipse/angus/angus-activation/2.0.2/angus-activation-2.0.2.jar:/Users/mithunramkumararumugam/.m2/repository/org/glassfish/jaxb/txw2/4.0.5/txw2-4.0.5.jar:/Users/mithunramkumararumugam/.m2/repository/com/sun/istack/istack-commons-runtime/4.1.2/istack-commons-runtime-4.1.2.jar:/Users/mithunramkumararumugam/.m2/repository/jakarta/inject/jakarta.inject-api/2.0.1/jakarta.inject-api-2.0.1.jar:/Users/mithunramkumararumugam/.m2/repository/org/antlr/antlr4-runtime/4.13.0/antlr4-runtime-4.13.0.jar:/Users/mithunramkumararumugam/.m2/repository/org/springframework/data/spring-data-jpa/3.3.5/spring-data-jpa-3.3.5.jar:/Users/mithunramkumararumugam/.m2/repository/org/springframework/data/spring-data-commons/3.3.5/spring-data-commons-3.3.5.jar:/Users/mithunramkumararumugam/.m2/repository/org/springframework/spring-orm/6.1.14/spring-orm-6.1.14.jar:/Users/mithunramkumararumugam/.m2/repository/org/springframework/spring-beans/6.1.14/spring-beans-6.1.14.jar:/Users/mithunramkumararumugam/.m2/repository/jakarta/annotation/jakarta.annotation-api/2.1.1/jakarta.annotation-api-2.1.1.jar:/Users/mithunramkumararumugam/.m2/repository/org/slf4j/slf4j-api/2.0.16/slf4j-api-2.0.16.jar:/Users/mithunramkumararumugam/.m2/repository/org/springframework/spring-aspects/6.1.14/spring-aspects-6.1.14.jar:/Users/mithunramkumararumugam/.m2/repository/org/springframework/boot/spring-boot-starter-web/3.3.5/spring-boot-starter-web-3.3.5.jar:/Users/mithunramkumararumugam/.m2/repository/org/springframework/boot/spring-boot-starter/3.3.5/spring-boot-starter-3.3.5.jar:/Users/mithunramkumararumugam/.m2/repository/org/springframework/boot/spring-boot/3.3.5/spring-boot-3.3.5.jar:/Users/mithunramkumararumugam/.m2/repository/org/springframework/boot/spring-boot-autoconfigure/3.3.5/spring-boot-autoconfigure-3.3.5.jar:/Users/mithunramkumararumugam/.m2/repository/org/springframework/boot/spring-boot-starter-logging/3.3.5/spring-boot-starter-logging-3.3.5.jar:/Users/mithunramkumararumugam/.m2/repository/org/apache/logging/log4j/log4j-to-slf4j/2.23.1/log4j-to-slf4j-2.23.1.jar:/Users/mithunramkumararumugam/.m2/repository/org/apache/logging/log4j/log4j-api/2.23.1/log4j-api-2.23.1.jar:/Users/mithunramkumararumugam/.m2/repository/org/slf4j/jul-to-slf4j/2.0.16/jul-to-slf4j-2.0.16.jar:/Users/mithunramkumararumugam/.m2/repository/org/yaml/snakeyaml/2.2/snakeyaml-2.2.jar:/Users/mithunramkumararumugam/.m2/repository/org/springframework/boot/spring-boot-starter-json/3.3.5/spring-boot-starter-json-3.3.5.jar:/Users/mithunramkumararumugam/.m2/repository/com/fasterxml/jackson/core/jackson-databind/2.17.2/jackson-databind-2.17.2.jar:/Users/mithunramkumararumugam/.m2/repository/com/fasterxml/jackson/core/jackson-annotations/2.17.2/jackson-annotations-2.17.2.jar:/Users/mithunramkumararumugam/.m2/repository/com/fasterxml/jackson/core/jackson-core/2.17.2/jackson-core-2.17.2.jar:/Users/mithunramkumararumugam/.m2/repository/com/fasterxml/jackson/datatype/jackson-datatype-jdk8/2.17.2/jackson-datatype-jdk8-2.17.2.jar:/Users/mithunramkumararumugam/.m2/repository/com/fasterxml/jackson/datatype/jackson-datatype-jsr310/2.17.2/jackson-datatype-jsr310-2.17.2.jar:/Users/mithunramkumararumugam/.m2/repository/com/fasterxml/jackson/module/jackson-module-parameter-names/2.17.2/jackson-module-parameter-names-2.17.2.jar:/Users/mithunramkumararumugam/.m2/repository/org/springframework/boot/spring-boot-starter-tomcat/3.3.5/spring-boot-starter-tomcat-3.3.5.jar:/Users/mithunramkumararumugam/.m2/repository/org/apache/tomcat/embed/tomcat-embed-core/10.1.31/tomcat-embed-core-10.1.31.jar:/Users/mithunramkumararumugam/.m2/repository/org/apache/tomcat/embed/tomcat-embed-el/10.1.31/tomcat-embed-el-10.1.31.jar:/Users/mithunramkumararumugam/.m2/repository/org/apache/tomcat/embed/tomcat-embed-websocket/10.1.31/tomcat-embed-websocket-10.1.31.jar:/Users/mithunramkumararumugam/.m2/repository/org/springframework/spring-web/6.1.14/spring-web-6.1.14.jar:/Users/mithunramkumararumugam/.m2/repository/org/springframework/spring-webmvc/6.1.14/spring-webmvc-6.1.14.jar:/Users/mithunramkumararumugam/.m2/repository/org/springframework/spring-expression/6.1.14/spring-expression-6.1.14.jar:/Users/mithunramkumararumugam/.m2/repository/org/springframework/kafka/spring-kafka/3.2.4/spring-kafka-3.2.4.jar:/Users/mithunramkumararumugam/.m2/repository/org/springframework/spring-context/6.1.14/spring-context-6.1.14.jar:/Users/mithunramkumararumugam/.m2/repository/org/springframework/spring-messaging/6.1.14/spring-messaging-6.1.14.jar:/Users/mithunramkumararumugam/.m2/repository/org/springframework/spring-tx/6.1.14/spring-tx-6.1.14.jar:/Users/mithunramkumararumugam/.m2/repository/org/springframework/retry/spring-retry/2.0.10/spring-retry-2.0.10.jar:/Users/mithunramkumararumugam/.m2/repository/org/apache/kafka/kafka-clients/3.7.1/kafka-clients-3.7.1.jar:/Users/mithunramkumararumugam/.m2/repository/com/github/luben/zstd-jni/1.5.6-3/zstd-jni-1.5.6-3.jar:/Users/mithunramkumararumugam/.m2/repository/org/lz4/lz4-java/1.8.0/lz4-java-1.8.0.jar:/Users/mithunramkumararumugam/.m2/repository/org/xerial/snappy/snappy-java/1.1.10.5/snappy-java-1.1.10.5.jar:/Users/mithunramkumararumugam/.m2/repository/io/micrometer/micrometer-observation/1.13.6/micrometer-observation-1.13.6.jar:/Users/mithunramkumararumugam/.m2/repository/io/micrometer/micrometer-commons/1.13.6/micrometer-commons-1.13.6.jar:/Users/mithunramkumararumugam/.m2/repository/com/h2database/h2/2.2.224/h2-2.2.224.jar:/Users/mithunramkumararumugam/.m2/repository/org/projectlombok/lombok/1.18.34/lombok-1.18.34.jar:/Users/mithunramkumararumugam/.m2/repository/org/springframework/boot/spring-boot-starter-test/3.3.5/spring-boot-starter-test-3.3.5.jar:/Users/mithunramkumararumugam/.m2/repository/org/springframework/boot/spring-boot-test/3.3.5/spring-boot-test-3.3.5.jar:/Users/mithunramkumararumugam/.m2/repository/org/springframework/boot/spring-boot-test-autoconfigure/3.3.5/spring-boot-test-autoconfigure-3.3.5.jar:/Users/mithunramkumararumugam/.m2/repository/com/jayway/jsonpath/json-path/2.9.0/json-path-2.9.0.jar:/Users/mithunramkumararumugam/.m2/repository/jakarta/xml/bind/jakarta.xml.bind-api/4.0.2/jakarta.xml.bind-api-4.0.2.jar:/Users/mithunramkumararumugam/.m2/repository/jakarta/activation/jakarta.activation-api/2.1.3/jakarta.activation-api-2.1.3.jar:/Users/mithunramkumararumugam/.m2/repository/net/minidev/json-smart/2.5.1/json-smart-2.5.1.jar:/Users/mithunramkumararumugam/.m2/repository/net/minidev/accessors-smart/2.5.1/accessors-smart-2.5.1.jar:/Users/mithunramkumararumugam/.m2/repository/org/ow2/asm/asm/9.6/asm-9.6.jar:/Users/mithunramkumararumugam/.m2/repository/org/assertj/assertj-core/3.25.3/assertj-core-3.25.3.jar:/Users/mithunramkumararumugam/.m2/repository/org/awaitility/awaitility/4.2.2/awaitility-4.2.2.jar:/Users/mithunramkumararumugam/.m2/repository/org/hamcrest/hamcrest/2.2/hamcrest-2.2.jar:/Users/mithunramkumararumugam/.m2/repository/org/junit/jupiter/junit-jupiter/5.10.5/junit-jupiter-5.10.5.jar:/Users/mithunramkumararumugam/.m2/repository/org/junit/jupiter/junit-jupiter-params/5.10.5/junit-jupiter-params-5.10.5.jar:/Users/mithunramkumararumugam/.m2/repository/org/mockito/mockito-core/5.11.0/mockito-core-5.11.0.jar:/Users/mithunramkumararumugam/.m2/repository/net/bytebuddy/byte-buddy-agent/1.14.19/byte-buddy-agent-1.14.19.jar:/Users/mithunramkumararumugam/.m2/repository/org/objenesis/objenesis/3.3/objenesis-3.3.jar:/Users/mithunramkumararumugam/.m2/repository/org/mockito/mockito-junit-jupiter/5.11.0/mockito-junit-jupiter-5.11.0.jar:/Users/mithunramkumararumugam/.m2/repository/org/skyscreamer/jsonassert/1.5.3/jsonassert-1.5.3.jar:/Users/mithunramkumararumugam/.m2/repository/com/vaadin/external/google/android-json/0.0.20131108.vaadin1/android-json-0.0.20131108.vaadin1.jar:/Users/mithunramkumararumugam/.m2/repository/org/springframework/spring-core/6.1.14/spring-core-6.1.14.jar:/Users/mithunramkumararumugam/.m2/repository/org/springframework/spring-jcl/6.1.14/spring-jcl-6.1.14.jar:/Users/mithunramkumararumugam/.m2/repository/org/springframework/spring-test/6.1.14/spring-test-6.1.14.jar:/Users/mithunramkumararumugam/.m2/repository/org/xmlunit/xmlunit-core/2.9.1/xmlunit-core-2.9.1.jar:/Users/mithunramkumararumugam/.m2/repository/org/springframework/kafka/spring-kafka-test/3.2.4/spring-kafka-test-3.2.4.jar:/Users/mithunramkumararumugam/.m2/repository/org/apache/zookeeper/zookeeper/3.8.4/zookeeper-3.8.4.jar:/Users/mithunramkumararumugam/.m2/repository/org/apache/zookeeper/zookeeper-jute/3.8.4/zookeeper-jute-3.8.4.jar:/Users/mithunramkumararumugam/.m2/repository/org/apache/yetus/audience-annotations/0.12.0/audience-annotations-0.12.0.jar:/Users/mithunramkumararumugam/.m2/repository/io/netty/netty-handler/4.1.114.Final/netty-handler-4.1.114.Final.jar:/Users/mithunramkumararumugam/.m2/repository/io/netty/netty-common/4.1.114.Final/netty-common-4.1.114.Final.jar:/Users/mithunramkumararumugam/.m2/repository/io/netty/netty-resolver/4.1.114.Final/netty-resolver-4.1.114.Final.jar:/Users/mithunramkumararumugam/.m2/repository/io/netty/netty-buffer/4.1.114.Final/netty-buffer-4.1.114.Final.jar:/Users/mithunramkumararumugam/.m2/repository/io/netty/netty-transport/4.1.114.Final/netty-transport-4.1.114.Final.jar:/Users/mithunramkumararumugam/.m2/repository/io/netty/netty-transport-native-unix-common/4.1.114.Final/netty-transport-native-unix-common-4.1.114.Final.jar:/Users/mithunramkumararumugam/.m2/repository/io/netty/netty-codec/4.1.114.Final/netty-codec-4.1.114.Final.jar:/Users/mithunramkumararumugam/.m2/repository/io/netty/netty-transport-native-epoll/4.1.114.Final/netty-transport-native-epoll-4.1.114.Final.jar:/Users/mithunramkumararumugam/.m2/repository/io/netty/netty-transport-classes-epoll/4.1.114.Final/netty-transport-classes-epoll-4.1.114.Final.jar:/Users/mithunramkumararumugam/.m2/repository/ch/qos/logback/logback-core/1.5.11/logback-core-1.5.11.jar:/Users/mithunramkumararumugam/.m2/repository/commons-io/commons-io/2.11.0/commons-io-2.11.0.jar:/Users/mithunramkumararumugam/.m2/repository/org/apache/kafka/kafka-clients/3.7.1/kafka-clients-3.7.1-test.jar:/Users/mithunramkumararumugam/.m2/repository/org/apache/kafka/kafka-metadata/3.7.1/kafka-metadata-3.7.1.jar:/Users/mithunramkumararumugam/.m2/repository/org/apache/kafka/kafka-raft/3.7.1/kafka-raft-3.7.1.jar:/Users/mithunramkumararumugam/.m2/repository/com/yammer/metrics/metrics-core/2.2.0/metrics-core-2.2.0.jar:/Users/mithunramkumararumugam/.m2/repository/org/apache/kafka/kafka-server-common/3.7.1/kafka-server-common-3.7.1.jar:/Users/mithunramkumararumugam/.m2/repository/net/sf/jopt-simple/jopt-simple/5.0.4/jopt-simple-5.0.4.jar:/Users/mithunramkumararumugam/.m2/repository/org/pcollections/pcollections/4.0.1/pcollections-4.0.1.jar:/Users/mithunramkumararumugam/.m2/repository/org/apache/kafka/kafka-server-common/3.7.1/kafka-server-common-3.7.1-test.jar:/Users/mithunramkumararumugam/.m2/repository/org/apache/kafka/kafka-streams-test-utils/3.7.1/kafka-streams-test-utils-3.7.1.jar:/Users/mithunramkumararumugam/.m2/repository/org/apache/kafka/kafka-streams/3.7.1/kafka-streams-3.7.1.jar:/Users/mithunramkumararumugam/.m2/repository/org/rocksdb/rocksdbjni/7.9.2/rocksdbjni-7.9.2.jar:/Users/mithunramkumararumugam/.m2/repository/org/apache/kafka/kafka_2.13/3.7.1/kafka_2.13-3.7.1.jar:/Users/mithunramkumararumugam/.m2/repository/org/scala-lang/scala-library/2.13.12/scala-library-2.13.12.jar:/Users/mithunramkumararumugam/.m2/repository/org/apache/kafka/kafka-group-coordinator/3.7.1/kafka-group-coordinator-3.7.1.jar:/Users/mithunramkumararumugam/.m2/repository/org/apache/kafka/kafka-storage-api/3.7.1/kafka-storage-api-3.7.1.jar:/Users/mithunramkumararumugam/.m2/repository/org/apache/kafka/kafka-tools-api/3.7.1/kafka-tools-api-3.7.1.jar:/Users/mithunramkumararumugam/.m2/repository/org/apache/kafka/kafka-storage/3.7.1/kafka-storage-3.7.1.jar:/Users/mithunramkumararumugam/.m2/repository/com/github/ben-manes/caffeine/caffeine/3.1.8/caffeine-3.1.8.jar:/Users/mithunramkumararumugam/.m2/repository/org/checkerframework/checker-qual/3.37.0/checker-qual-3.37.0.jar:/Users/mithunramkumararumugam/.m2/repository/com/google/errorprone/error_prone_annotations/2.21.1/error_prone_annotations-2.21.1.jar:/Users/mithunramkumararumugam/.m2/repository/org/apache/kafka/kafka-server/3.7.1/kafka-server-3.7.1.jar:/Users/mithunramkumararumugam/.m2/repository/net/sourceforge/argparse4j/argparse4j/0.7.0/argparse4j-0.7.0.jar:/Users/mithunramkumararumugam/.m2/repository/commons-validator/commons-validator/1.7/commons-validator-1.7.jar:/Users/mithunramkumararumugam/.m2/repository/commons-beanutils/commons-beanutils/1.9.4/commons-beanutils-1.9.4.jar:/Users/mithunramkumararumugam/.m2/repository/commons-digester/commons-digester/2.1/commons-digester-2.1.jar:/Users/mithunramkumararumugam/.m2/repository/commons-collections/commons-collections/3.2.2/commons-collections-3.2.2.jar:/Users/mithunramkumararumugam/.m2/repository/com/fasterxml/jackson/module/jackson-module-scala_2.13/2.17.2/jackson-module-scala_2.13-2.17.2.jar:/Users/mithunramkumararumugam/.m2/repository/com/thoughtworks/paranamer/paranamer/2.8/paranamer-2.8.jar:/Users/mithunramkumararumugam/.m2/repository/com/fasterxml/jackson/dataformat/jackson-dataformat-csv/2.17.2/jackson-dataformat-csv-2.17.2.jar:/Users/mithunramkumararumugam/.m2/repository/org/bitbucket/b_c/jose4j/0.9.4/jose4j-0.9.4.jar:/Users/mithunramkumararumugam/.m2/repository/org/scala-lang/modules/scala-collection-compat_2.13/2.10.0/scala-collection-compat_2.13-2.10.0.jar:/Users/mithunramkumararumugam/.m2/repository/org/scala-lang/modules/scala-java8-compat_2.13/1.0.2/scala-java8-compat_2.13-1.0.2.jar:/Users/mithunramkumararumugam/.m2/repository/org/scala-lang/scala-reflect/2.13.12/scala-reflect-2.13.12.jar:/Users/mithunramkumararumugam/.m2/repository/com/typesafe/scala-logging/scala-logging_2.13/3.9.4/scala-logging_2.13-3.9.4.jar:/Users/mithunramkumararumugam/.m2/repository/io/dropwizard/metrics/metrics-core/4.1.12.1/metrics-core-4.1.12.1.jar:/Users/mithunramkumararumugam/.m2/repository/commons-cli/commons-cli/1.4/commons-cli-1.4.jar:/Users/mithunramkumararumugam/.m2/repository/org/apache/kafka/kafka_2.13/3.7.1/kafka_2.13-3.7.1-test.jar:/Users/mithunramkumararumugam/.m2/repository/org/junit/jupiter/junit-jupiter-api/5.10.5/junit-jupiter-api-5.10.5.jar:/Users/mithunramkumararumugam/.m2/repository/org/opentest4j/opentest4j/1.3.0/opentest4j-1.3.0.jar:/Users/mithunramkumararumugam/.m2/repository/org/junit/platform/junit-platform-commons/1.10.5/junit-platform-commons-1.10.5.jar:/Users/mithunramkumararumugam/.m2/repository/org/apiguardian/apiguardian-api/1.1.2/apiguardian-api-1.1.2.jar:/Users/mithunramkumararumugam/.m2/repository/org/junit/platform/junit-platform-launcher/1.10.5/junit-platform-launcher-1.10.5.jar:/Users/mithunramkumararumugam/.m2/repository/org/junit/platform/junit-platform-engine/1.10.5/junit-platform-engine-1.10.5.jar:/Users/mithunramkumararumugam/.m2/repository/com/intuit/karate/karate-junit5/1.4.1/karate-junit5-1.4.1.jar:/Users/mithunramkumararumugam/.m2/repository/com/intuit/karate/karate-core/1.4.1/karate-core-1.4.1.jar:/Users/mithunramkumararumugam/.m2/repository/org/graalvm/js/js-scriptengine/22.3.3/js-scriptengine-22.3.3.jar:/Users/mithunramkumararumugam/.m2/repository/org/graalvm/sdk/graal-sdk/22.3.3/graal-sdk-22.3.3.jar:/Users/mithunramkumararumugam/.m2/repository/org/graalvm/js/js/22.3.3/js-22.3.3.jar:/Users/mithunramkumararumugam/.m2/repository/org/graalvm/regex/regex/22.3.3/regex-22.3.3.jar:/Users/mithunramkumararumugam/.m2/repository/org/graalvm/truffle/truffle-api/22.3.3/truffle-api-22.3.3.jar:/Users/mithunramkumararumugam/.m2/repository/com/ibm/icu/icu4j/71.1/icu4j-71.1.jar:/Users/mithunramkumararumugam/.m2/repository/org/thymeleaf/thymeleaf/3.1.2.RELEASE/thymeleaf-3.1.2.RELEASE.jar:/Users/mithunramkumararumugam/.m2/repository/ognl/ognl/3.3.4/ognl-3.3.4.jar:/Users/mithunramkumararumugam/.m2/repository/org/javassist/javassist/3.29.0-GA/javassist-3.29.0-GA.jar:/Users/mithunramkumararumugam/.m2/repository/org/attoparser/attoparser/2.0.7.RELEASE/attoparser-2.0.7.RELEASE.jar:/Users/mithunramkumararumugam/.m2/repository/org/unbescape/unbescape/1.1.6.RELEASE/unbescape-1.1.6.RELEASE.jar:/Users/mithunramkumararumugam/.m2/repository/com/linecorp/armeria/armeria/1.25.2/armeria-1.25.2.jar:/Users/mithunramkumararumugam/.m2/repository/io/micrometer/micrometer-core/1.13.6/micrometer-core-1.13.6.jar:/Users/mithunramkumararumugam/.m2/repository/org/hdrhistogram/HdrHistogram/2.2.2/HdrHistogram-2.2.2.jar:/Users/mithunramkumararumugam/.m2/repository/org/latencyutils/LatencyUtils/2.0.3/LatencyUtils-2.0.3.jar:/Users/mithunramkumararumugam/.m2/repository/io/netty/netty-codec-haproxy/4.1.114.Final/netty-codec-haproxy-4.1.114.Final.jar:/Users/mithunramkumararumugam/.m2/repository/io/netty/netty-codec-http2/4.1.114.Final/netty-codec-http2-4.1.114.Final.jar:/Users/mithunramkumararumugam/.m2/repository/io/netty/netty-codec-http/4.1.114.Final/netty-codec-http-4.1.114.Final.jar:/Users/mithunramkumararumugam/.m2/repository/io/netty/netty-resolver-dns/4.1.114.Final/netty-resolver-dns-4.1.114.Final.jar:/Users/mithunramkumararumugam/.m2/repository/io/netty/netty-codec-dns/4.1.114.Final/netty-codec-dns-4.1.114.Final.jar:/Users/mithunramkumararumugam/.m2/repository/org/reactivestreams/reactive-streams/1.0.4/reactive-streams-1.0.4.jar:/Users/mithunramkumararumugam/.m2/repository/com/google/code/findbugs/jsr305/3.0.2/jsr305-3.0.2.jar:/Users/mithunramkumararumugam/.m2/repository/io/netty/netty-handler-proxy/4.1.114.Final/netty-handler-proxy-4.1.114.Final.jar:/Users/mithunramkumararumugam/.m2/repository/io/netty/netty-codec-socks/4.1.114.Final/netty-codec-socks-4.1.114.Final.jar:/Users/mithunramkumararumugam/.m2/repository/io/netty/netty-transport-native-unix-common/4.1.114.Final/netty-transport-native-unix-common-4.1.114.Final-linux-x86_64.jar:/Users/mithunramkumararumugam/.m2/repository/io/netty/netty-transport-native-epoll/4.1.114.Final/netty-transport-native-epoll-4.1.114.Final-linux-x86_64.jar:/Users/mithunramkumararumugam/.m2/repository/io/netty/netty-transport-native-unix-common/4.1.114.Final/netty-transport-native-unix-common-4.1.114.Final-linux-aarch_64.jar:/Users/mithunramkumararumugam/.m2/repository/io/netty/netty-transport-native-epoll/4.1.114.Final/netty-transport-native-epoll-4.1.114.Final-linux-aarch_64.jar:/Users/mithunramkumararumugam/.m2/repository/io/netty/netty-transport-native-unix-common/4.1.114.Final/netty-transport-native-unix-common-4.1.114.Final-osx-x86_64.jar:/Users/mithunramkumararumugam/.m2/repository/io/netty/netty-transport-native-kqueue/4.1.114.Final/netty-transport-native-kqueue-4.1.114.Final-osx-x86_64.jar:/Users/mithunramkumararumugam/.m2/repository/io/netty/netty-transport-classes-kqueue/4.1.114.Final/netty-transport-classes-kqueue-4.1.114.Final.jar:/Users/mithunramkumararumugam/.m2/repository/io/netty/netty-resolver-dns-native-macos/4.1.114.Final/netty-resolver-dns-native-macos-4.1.114.Final-osx-x86_64.jar:/Users/mithunramkumararumugam/.m2/repository/io/netty/netty-resolver-dns-classes-macos/4.1.114.Final/netty-resolver-dns-classes-macos-4.1.114.Final.jar:/Users/mithunramkumararumugam/.m2/repository/io/netty/netty-transport-native-unix-common/4.1.114.Final/netty-transport-native-unix-common-4.1.114.Final-osx-aarch_64.jar:/Users/mithunramkumararumugam/.m2/repository/io/netty/netty-transport-native-kqueue/4.1.114.Final/netty-transport-native-kqueue-4.1.114.Final-osx-aarch_64.jar:/Users/mithunramkumararumugam/.m2/repository/io/netty/netty-resolver-dns-native-macos/4.1.114.Final/netty-resolver-dns-native-macos-4.1.114.Final-osx-aarch_64.jar:/Users/mithunramkumararumugam/.m2/repository/io/netty/netty-tcnative-boringssl-static/2.0.66.Final/netty-tcnative-boringssl-static-2.0.66.Final-linux-x86_64.jar:/Users/mithunramkumararumugam/.m2/repository/io/netty/netty-tcnative-classes/2.0.66.Final/netty-tcnative-classes-2.0.66.Final.jar:/Users/mithunramkumararumugam/.m2/repository/io/netty/netty-tcnative-boringssl-static/2.0.66.Final/netty-tcnative-boringssl-static-2.0.66.Final-linux-aarch_64.jar:/Users/mithunramkumararumugam/.m2/repository/io/netty/netty-tcnative-boringssl-static/2.0.66.Final/netty-tcnative-boringssl-static-2.0.66.Final-osx-x86_64.jar:/Users/mithunramkumararumugam/.m2/repository/io/netty/netty-tcnative-boringssl-static/2.0.66.Final/netty-tcnative-boringssl-static-2.0.66.Final-osx-aarch_64.jar:/Users/mithunramkumararumugam/.m2/repository/io/netty/netty-tcnative-boringssl-static/2.0.66.Final/netty-tcnative-boringssl-static-2.0.66.Final-windows-x86_64.jar:/Users/mithunramkumararumugam/.m2/repository/com/aayushatharva/brotli4j/brotli4j/1.12.0/brotli4j-1.12.0.jar:/Users/mithunramkumararumugam/.m2/repository/com/aayushatharva/brotli4j/service/1.12.0/service-1.12.0.jar:/Users/mithunramkumararumugam/.m2/repository/com/aayushatharva/brotli4j/native-osx-aarch64/1.12.0/native-osx-aarch64-1.12.0.jar:/Users/mithunramkumararumugam/.m2/repository/commons-codec/commons-codec/1.16.1/commons-codec-1.16.1.jar:/Users/mithunramkumararumugam/.m2/repository/de/siegmar/fastcsv/2.2.1/fastcsv-2.2.1.jar:/Users/mithunramkumararumugam/.m2/repository/info/picocli/picocli/4.7.1/picocli-4.7.1.jar:/Users/mithunramkumararumugam/.m2/repository/io/github/classgraph/classgraph/4.8.160/classgraph-4.8.160.jar:/Users/mithunramkumararumugam/.m2/repository/io/github/t12y/resemble/1.0.2/resemble-1.0.2.jar:/Users/mithunramkumararumugam/.m2/repository/io/github/t12y/ssim/1.0.0/ssim-1.0.0.jar:/Users/mithunramkumararumugam/.m2/repository/org/junit/jupiter/junit-jupiter-engine/5.10.5/junit-jupiter-engine-5.10.5.jar:/Users/mithunramkumararumugam/.m2/repository/com/intuit/karate/karate-apache/0.9.6/karate-apache-0.9.6.jar:/Users/mithunramkumararumugam/.m2/repository/org/apache/httpcomponents/httpclient/4.5.12/httpclient-4.5.12.jar:/Users/mithunramkumararumugam/.m2/repository/org/apache/httpcomponents/httpcore/4.4.16/httpcore-4.4.16.jar:/Users/mithunramkumararumugam/.m2/repository/org/apache/httpcomponents/httpmime/4.5.12/httpmime-4.5.12.jar:/Users/mithunramkumararumugam/.m2/repository/org/slf4j/jcl-over-slf4j/2.0.16/jcl-over-slf4j-2.0.16.jar:/Users/mithunramkumararumugam/.m2/repository/ch/qos/logback/logback-classic/1.5.11/logback-classic-1.5.11.jar:"/>
    <property name="java.vm.vendor" value="Oracle Corporation"/>
    <property name="sun.arch.data.model" value="64"/>
    <property name="java.vendor.url" value="https://java.oracle.com/"/>
    <property name="user.timezone" value="Europe/Amsterdam"/>
    <property name="org.jboss.logging.provider" value="slf4j"/>
    <property name="os.name" value="Mac OS X"/>
    <property name="java.vm.specification.version" value="21"/>
    <property name="sun.java.launcher" value="SUN_STANDARD"/>
    <property name="user.country" value="US"/>
    <property name="sun.boot.library.path" value="/Library/Java/JavaVirtualMachines/jdk-21.jdk/Contents/Home/lib"/>
    <property name="sun.java.command" value="/Users/mithunramkumararumugam/Documents/Mithun/Rabo/timeline/target/surefire/surefirebooter-20241111122909361_3.jar /Users/mithunramkumararumugam/Documents/Mithun/Rabo/timeline/target/surefire 2024-11-11T12-29-09_330-jvmRun1 surefire-20241111122909361_1tmp surefire_0-20241111122909361_2tmp"/>
    <property name="http.nonProxyHosts" value="local|*.local|169.254/16|*.169.254/16"/>
    <property name="jdk.debug" value="release"/>
    <property name="surefire.test.class.path" value="/Users/mithunramkumararumugam/Documents/Mithun/Rabo/timeline/target/test-classes:/Users/mithunramkumararumugam/Documents/Mithun/Rabo/timeline/target/classes:/Users/mithunramkumararumugam/.m2/repository/org/springframework/boot/spring-boot-starter-data-jpa/3.3.5/spring-boot-starter-data-jpa-3.3.5.jar:/Users/mithunramkumararumugam/.m2/repository/org/springframework/boot/spring-boot-starter-aop/3.3.5/spring-boot-starter-aop-3.3.5.jar:/Users/mithunramkumararumugam/.m2/repository/org/springframework/spring-aop/6.1.14/spring-aop-6.1.14.jar:/Users/mithunramkumararumugam/.m2/repository/org/aspectj/aspectjweaver/1.9.22.1/aspectjweaver-1.9.22.1.jar:/Users/mithunramkumararumugam/.m2/repository/org/springframework/boot/spring-boot-starter-jdbc/3.3.5/spring-boot-starter-jdbc-3.3.5.jar:/Users/mithunramkumararumugam/.m2/repository/com/zaxxer/HikariCP/5.1.0/HikariCP-5.1.0.jar:/Users/mithunramkumararumugam/.m2/repository/org/springframework/spring-jdbc/6.1.14/spring-jdbc-6.1.14.jar:/Users/mithunramkumararumugam/.m2/repository/org/hibernate/orm/hibernate-core/6.5.3.Final/hibernate-core-6.5.3.Final.jar:/Users/mithunramkumararumugam/.m2/repository/jakarta/persistence/jakarta.persistence-api/3.1.0/jakarta.persistence-api-3.1.0.jar:/Users/mithunramkumararumugam/.m2/repository/jakarta/transaction/jakarta.transaction-api/2.0.1/jakarta.transaction-api-2.0.1.jar:/Users/mithunramkumararumugam/.m2/repository/org/jboss/logging/jboss-logging/3.5.3.Final/jboss-logging-3.5.3.Final.jar:/Users/mithunramkumararumugam/.m2/repository/org/hibernate/common/hibernate-commons-annotations/6.0.6.Final/hibernate-commons-annotations-6.0.6.Final.jar:/Users/mithunramkumararumugam/.m2/repository/io/smallrye/jandex/3.1.2/jandex-3.1.2.jar:/Users/mithunramkumararumugam/.m2/repository/com/fasterxml/classmate/1.7.0/classmate-1.7.0.jar:/Users/mithunramkumararumugam/.m2/repository/net/bytebuddy/byte-buddy/1.14.19/byte-buddy-1.14.19.jar:/Users/mithunramkumararumugam/.m2/repository/org/glassfish/jaxb/jaxb-runtime/4.0.5/jaxb-runtime-4.0.5.jar:/Users/mithunramkumararumugam/.m2/repository/org/glassfish/jaxb/jaxb-core/4.0.5/jaxb-core-4.0.5.jar:/Users/mithunramkumararumugam/.m2/repository/org/eclipse/angus/angus-activation/2.0.2/angus-activation-2.0.2.jar:/Users/mithunramkumararumugam/.m2/repository/org/glassfish/jaxb/txw2/4.0.5/txw2-4.0.5.jar:/Users/mithunramkumararumugam/.m2/repository/com/sun/istack/istack-commons-runtime/4.1.2/istack-commons-runtime-4.1.2.jar:/Users/mithunramkumararumugam/.m2/repository/jakarta/inject/jakarta.inject-api/2.0.1/jakarta.inject-api-2.0.1.jar:/Users/mithunramkumararumugam/.m2/repository/org/antlr/antlr4-runtime/4.13.0/antlr4-runtime-4.13.0.jar:/Users/mithunramkumararumugam/.m2/repository/org/springframework/data/spring-data-jpa/3.3.5/spring-data-jpa-3.3.5.jar:/Users/mithunramkumararumugam/.m2/repository/org/springframework/data/spring-data-commons/3.3.5/spring-data-commons-3.3.5.jar:/Users/mithunramkumararumugam/.m2/repository/org/springframework/spring-orm/6.1.14/spring-orm-6.1.14.jar:/Users/mithunramkumararumugam/.m2/repository/org/springframework/spring-beans/6.1.14/spring-beans-6.1.14.jar:/Users/mithunramkumararumugam/.m2/repository/jakarta/annotation/jakarta.annotation-api/2.1.1/jakarta.annotation-api-2.1.1.jar:/Users/mithunramkumararumugam/.m2/repository/org/slf4j/slf4j-api/2.0.16/slf4j-api-2.0.16.jar:/Users/mithunramkumararumugam/.m2/repository/org/springframework/spring-aspects/6.1.14/spring-aspects-6.1.14.jar:/Users/mithunramkumararumugam/.m2/repository/org/springframework/boot/spring-boot-starter-web/3.3.5/spring-boot-starter-web-3.3.5.jar:/Users/mithunramkumararumugam/.m2/repository/org/springframework/boot/spring-boot-starter/3.3.5/spring-boot-starter-3.3.5.jar:/Users/mithunramkumararumugam/.m2/repository/org/springframework/boot/spring-boot/3.3.5/spring-boot-3.3.5.jar:/Users/mithunramkumararumugam/.m2/repository/org/springframework/boot/spring-boot-autoconfigure/3.3.5/spring-boot-autoconfigure-3.3.5.jar:/Users/mithunramkumararumugam/.m2/repository/org/springframework/boot/spring-boot-starter-logging/3.3.5/spring-boot-starter-logging-3.3.5.jar:/Users/mithunramkumararumugam/.m2/repository/org/apache/logging/log4j/log4j-to-slf4j/2.23.1/log4j-to-slf4j-2.23.1.jar:/Users/mithunramkumararumugam/.m2/repository/org/apache/logging/log4j/log4j-api/2.23.1/log4j-api-2.23.1.jar:/Users/mithunramkumararumugam/.m2/repository/org/slf4j/jul-to-slf4j/2.0.16/jul-to-slf4j-2.0.16.jar:/Users/mithunramkumararumugam/.m2/repository/org/yaml/snakeyaml/2.2/snakeyaml-2.2.jar:/Users/mithunramkumararumugam/.m2/repository/org/springframework/boot/spring-boot-starter-json/3.3.5/spring-boot-starter-json-3.3.5.jar:/Users/mithunramkumararumugam/.m2/repository/com/fasterxml/jackson/core/jackson-databind/2.17.2/jackson-databind-2.17.2.jar:/Users/mithunramkumararumugam/.m2/repository/com/fasterxml/jackson/core/jackson-annotations/2.17.2/jackson-annotations-2.17.2.jar:/Users/mithunramkumararumugam/.m2/repository/com/fasterxml/jackson/core/jackson-core/2.17.2/jackson-core-2.17.2.jar:/Users/mithunramkumararumugam/.m2/repository/com/fasterxml/jackson/datatype/jackson-datatype-jdk8/2.17.2/jackson-datatype-jdk8-2.17.2.jar:/Users/mithunramkumararumugam/.m2/repository/com/fasterxml/jackson/datatype/jackson-datatype-jsr310/2.17.2/jackson-datatype-jsr310-2.17.2.jar:/Users/mithunramkumararumugam/.m2/repository/com/fasterxml/jackson/module/jackson-module-parameter-names/2.17.2/jackson-module-parameter-names-2.17.2.jar:/Users/mithunramkumararumugam/.m2/repository/org/springframework/boot/spring-boot-starter-tomcat/3.3.5/spring-boot-starter-tomcat-3.3.5.jar:/Users/mithunramkumararumugam/.m2/repository/org/apache/tomcat/embed/tomcat-embed-core/10.1.31/tomcat-embed-core-10.1.31.jar:/Users/mithunramkumararumugam/.m2/repository/org/apache/tomcat/embed/tomcat-embed-el/10.1.31/tomcat-embed-el-10.1.31.jar:/Users/mithunramkumararumugam/.m2/repository/org/apache/tomcat/embed/tomcat-embed-websocket/10.1.31/tomcat-embed-websocket-10.1.31.jar:/Users/mithunramkumararumugam/.m2/repository/org/springframework/spring-web/6.1.14/spring-web-6.1.14.jar:/Users/mithunramkumararumugam/.m2/repository/org/springframework/spring-webmvc/6.1.14/spring-webmvc-6.1.14.jar:/Users/mithunramkumararumugam/.m2/repository/org/springframework/spring-expression/6.1.14/spring-expression-6.1.14.jar:/Users/mithunramkumararumugam/.m2/repository/org/springframework/kafka/spring-kafka/3.2.4/spring-kafka-3.2.4.jar:/Users/mithunramkumararumugam/.m2/repository/org/springframework/spring-context/6.1.14/spring-context-6.1.14.jar:/Users/mithunramkumararumugam/.m2/repository/org/springframework/spring-messaging/6.1.14/spring-messaging-6.1.14.jar:/Users/mithunramkumararumugam/.m2/repository/org/springframework/spring-tx/6.1.14/spring-tx-6.1.14.jar:/Users/mithunramkumararumugam/.m2/repository/org/springframework/retry/spring-retry/2.0.10/spring-retry-2.0.10.jar:/Users/mithunramkumararumugam/.m2/repository/org/apache/kafka/kafka-clients/3.7.1/kafka-clients-3.7.1.jar:/Users/mithunramkumararumugam/.m2/repository/com/github/luben/zstd-jni/1.5.6-3/zstd-jni-1.5.6-3.jar:/Users/mithunramkumararumugam/.m2/repository/org/lz4/lz4-java/1.8.0/lz4-java-1.8.0.jar:/Users/mithunramkumararumugam/.m2/repository/org/xerial/snappy/snappy-java/1.1.10.5/snappy-java-1.1.10.5.jar:/Users/mithunramkumararumugam/.m2/repository/io/micrometer/micrometer-observation/1.13.6/micrometer-observation-1.13.6.jar:/Users/mithunramkumararumugam/.m2/repository/io/micrometer/micrometer-commons/1.13.6/micrometer-commons-1.13.6.jar:/Users/mithunramkumararumugam/.m2/repository/com/h2database/h2/2.2.224/h2-2.2.224.jar:/Users/mithunramkumararumugam/.m2/repository/org/projectlombok/lombok/1.18.34/lombok-1.18.34.jar:/Users/mithunramkumararumugam/.m2/repository/org/springframework/boot/spring-boot-starter-test/3.3.5/spring-boot-starter-test-3.3.5.jar:/Users/mithunramkumararumugam/.m2/repository/org/springframework/boot/spring-boot-test/3.3.5/spring-boot-test-3.3.5.jar:/Users/mithunramkumararumugam/.m2/repository/org/springframework/boot/spring-boot-test-autoconfigure/3.3.5/spring-boot-test-autoconfigure-3.3.5.jar:/Users/mithunramkumararumugam/.m2/repository/com/jayway/jsonpath/json-path/2.9.0/json-path-2.9.0.jar:/Users/mithunramkumararumugam/.m2/repository/jakarta/xml/bind/jakarta.xml.bind-api/4.0.2/jakarta.xml.bind-api-4.0.2.jar:/Users/mithunramkumararumugam/.m2/repository/jakarta/activation/jakarta.activation-api/2.1.3/jakarta.activation-api-2.1.3.jar:/Users/mithunramkumararumugam/.m2/repository/net/minidev/json-smart/2.5.1/json-smart-2.5.1.jar:/Users/mithunramkumararumugam/.m2/repository/net/minidev/accessors-smart/2.5.1/accessors-smart-2.5.1.jar:/Users/mithunramkumararumugam/.m2/repository/org/ow2/asm/asm/9.6/asm-9.6.jar:/Users/mithunramkumararumugam/.m2/repository/org/assertj/assertj-core/3.25.3/assertj-core-3.25.3.jar:/Users/mithunramkumararumugam/.m2/repository/org/awaitility/awaitility/4.2.2/awaitility-4.2.2.jar:/Users/mithunramkumararumugam/.m2/repository/org/hamcrest/hamcrest/2.2/hamcrest-2.2.jar:/Users/mithunramkumararumugam/.m2/repository/org/junit/jupiter/junit-jupiter/5.10.5/junit-jupiter-5.10.5.jar:/Users/mithunramkumararumugam/.m2/repository/org/junit/jupiter/junit-jupiter-params/5.10.5/junit-jupiter-params-5.10.5.jar:/Users/mithunramkumararumugam/.m2/repository/org/mockito/mockito-core/5.11.0/mockito-core-5.11.0.jar:/Users/mithunramkumararumugam/.m2/repository/net/bytebuddy/byte-buddy-agent/1.14.19/byte-buddy-agent-1.14.19.jar:/Users/mithunramkumararumugam/.m2/repository/org/objenesis/objenesis/3.3/objenesis-3.3.jar:/Users/mithunramkumararumugam/.m2/repository/org/mockito/mockito-junit-jupiter/5.11.0/mockito-junit-jupiter-5.11.0.jar:/Users/mithunramkumararumugam/.m2/repository/org/skyscreamer/jsonassert/1.5.3/jsonassert-1.5.3.jar:/Users/mithunramkumararumugam/.m2/repository/com/vaadin/external/google/android-json/0.0.20131108.vaadin1/android-json-0.0.20131108.vaadin1.jar:/Users/mithunramkumararumugam/.m2/repository/org/springframework/spring-core/6.1.14/spring-core-6.1.14.jar:/Users/mithunramkumararumugam/.m2/repository/org/springframework/spring-jcl/6.1.14/spring-jcl-6.1.14.jar:/Users/mithunramkumararumugam/.m2/repository/org/springframework/spring-test/6.1.14/spring-test-6.1.14.jar:/Users/mithunramkumararumugam/.m2/repository/org/xmlunit/xmlunit-core/2.9.1/xmlunit-core-2.9.1.jar:/Users/mithunramkumararumugam/.m2/repository/org/springframework/kafka/spring-kafka-test/3.2.4/spring-kafka-test-3.2.4.jar:/Users/mithunramkumararumugam/.m2/repository/org/apache/zookeeper/zookeeper/3.8.4/zookeeper-3.8.4.jar:/Users/mithunramkumararumugam/.m2/repository/org/apache/zookeeper/zookeeper-jute/3.8.4/zookeeper-jute-3.8.4.jar:/Users/mithunramkumararumugam/.m2/repository/org/apache/yetus/audience-annotations/0.12.0/audience-annotations-0.12.0.jar:/Users/mithunramkumararumugam/.m2/repository/io/netty/netty-handler/4.1.114.Final/netty-handler-4.1.114.Final.jar:/Users/mithunramkumararumugam/.m2/repository/io/netty/netty-common/4.1.114.Final/netty-common-4.1.114.Final.jar:/Users/mithunramkumararumugam/.m2/repository/io/netty/netty-resolver/4.1.114.Final/netty-resolver-4.1.114.Final.jar:/Users/mithunramkumararumugam/.m2/repository/io/netty/netty-buffer/4.1.114.Final/netty-buffer-4.1.114.Final.jar:/Users/mithunramkumararumugam/.m2/repository/io/netty/netty-transport/4.1.114.Final/netty-transport-4.1.114.Final.jar:/Users/mithunramkumararumugam/.m2/repository/io/netty/netty-transport-native-unix-common/4.1.114.Final/netty-transport-native-unix-common-4.1.114.Final.jar:/Users/mithunramkumararumugam/.m2/repository/io/netty/netty-codec/4.1.114.Final/netty-codec-4.1.114.Final.jar:/Users/mithunramkumararumugam/.m2/repository/io/netty/netty-transport-native-epoll/4.1.114.Final/netty-transport-native-epoll-4.1.114.Final.jar:/Users/mithunramkumararumugam/.m2/repository/io/netty/netty-transport-classes-epoll/4.1.114.Final/netty-transport-classes-epoll-4.1.114.Final.jar:/Users/mithunramkumararumugam/.m2/repository/ch/qos/logback/logback-core/1.5.11/logback-core-1.5.11.jar:/Users/mithunramkumararumugam/.m2/repository/commons-io/commons-io/2.11.0/commons-io-2.11.0.jar:/Users/mithunramkumararumugam/.m2/repository/org/apache/kafka/kafka-clients/3.7.1/kafka-clients-3.7.1-test.jar:/Users/mithunramkumararumugam/.m2/repository/org/apache/kafka/kafka-metadata/3.7.1/kafka-metadata-3.7.1.jar:/Users/mithunramkumararumugam/.m2/repository/org/apache/kafka/kafka-raft/3.7.1/kafka-raft-3.7.1.jar:/Users/mithunramkumararumugam/.m2/repository/com/yammer/metrics/metrics-core/2.2.0/metrics-core-2.2.0.jar:/Users/mithunramkumararumugam/.m2/repository/org/apache/kafka/kafka-server-common/3.7.1/kafka-server-common-3.7.1.jar:/Users/mithunramkumararumugam/.m2/repository/net/sf/jopt-simple/jopt-simple/5.0.4/jopt-simple-5.0.4.jar:/Users/mithunramkumararumugam/.m2/repository/org/pcollections/pcollections/4.0.1/pcollections-4.0.1.jar:/Users/mithunramkumararumugam/.m2/repository/org/apache/kafka/kafka-server-common/3.7.1/kafka-server-common-3.7.1-test.jar:/Users/mithunramkumararumugam/.m2/repository/org/apache/kafka/kafka-streams-test-utils/3.7.1/kafka-streams-test-utils-3.7.1.jar:/Users/mithunramkumararumugam/.m2/repository/org/apache/kafka/kafka-streams/3.7.1/kafka-streams-3.7.1.jar:/Users/mithunramkumararumugam/.m2/repository/org/rocksdb/rocksdbjni/7.9.2/rocksdbjni-7.9.2.jar:/Users/mithunramkumararumugam/.m2/repository/org/apache/kafka/kafka_2.13/3.7.1/kafka_2.13-3.7.1.jar:/Users/mithunramkumararumugam/.m2/repository/org/scala-lang/scala-library/2.13.12/scala-library-2.13.12.jar:/Users/mithunramkumararumugam/.m2/repository/org/apache/kafka/kafka-group-coordinator/3.7.1/kafka-group-coordinator-3.7.1.jar:/Users/mithunramkumararumugam/.m2/repository/org/apache/kafka/kafka-storage-api/3.7.1/kafka-storage-api-3.7.1.jar:/Users/mithunramkumararumugam/.m2/repository/org/apache/kafka/kafka-tools-api/3.7.1/kafka-tools-api-3.7.1.jar:/Users/mithunramkumararumugam/.m2/repository/org/apache/kafka/kafka-storage/3.7.1/kafka-storage-3.7.1.jar:/Users/mithunramkumararumugam/.m2/repository/com/github/ben-manes/caffeine/caffeine/3.1.8/caffeine-3.1.8.jar:/Users/mithunramkumararumugam/.m2/repository/org/checkerframework/checker-qual/3.37.0/checker-qual-3.37.0.jar:/Users/mithunramkumararumugam/.m2/repository/com/google/errorprone/error_prone_annotations/2.21.1/error_prone_annotations-2.21.1.jar:/Users/mithunramkumararumugam/.m2/repository/org/apache/kafka/kafka-server/3.7.1/kafka-server-3.7.1.jar:/Users/mithunramkumararumugam/.m2/repository/net/sourceforge/argparse4j/argparse4j/0.7.0/argparse4j-0.7.0.jar:/Users/mithunramkumararumugam/.m2/repository/commons-validator/commons-validator/1.7/commons-validator-1.7.jar:/Users/mithunramkumararumugam/.m2/repository/commons-beanutils/commons-beanutils/1.9.4/commons-beanutils-1.9.4.jar:/Users/mithunramkumararumugam/.m2/repository/commons-digester/commons-digester/2.1/commons-digester-2.1.jar:/Users/mithunramkumararumugam/.m2/repository/commons-collections/commons-collections/3.2.2/commons-collections-3.2.2.jar:/Users/mithunramkumararumugam/.m2/repository/com/fasterxml/jackson/module/jackson-module-scala_2.13/2.17.2/jackson-module-scala_2.13-2.17.2.jar:/Users/mithunramkumararumugam/.m2/repository/com/thoughtworks/paranamer/paranamer/2.8/paranamer-2.8.jar:/Users/mithunramkumararumugam/.m2/repository/com/fasterxml/jackson/dataformat/jackson-dataformat-csv/2.17.2/jackson-dataformat-csv-2.17.2.jar:/Users/mithunramkumararumugam/.m2/repository/org/bitbucket/b_c/jose4j/0.9.4/jose4j-0.9.4.jar:/Users/mithunramkumararumugam/.m2/repository/org/scala-lang/modules/scala-collection-compat_2.13/2.10.0/scala-collection-compat_2.13-2.10.0.jar:/Users/mithunramkumararumugam/.m2/repository/org/scala-lang/modules/scala-java8-compat_2.13/1.0.2/scala-java8-compat_2.13-1.0.2.jar:/Users/mithunramkumararumugam/.m2/repository/org/scala-lang/scala-reflect/2.13.12/scala-reflect-2.13.12.jar:/Users/mithunramkumararumugam/.m2/repository/com/typesafe/scala-logging/scala-logging_2.13/3.9.4/scala-logging_2.13-3.9.4.jar:/Users/mithunramkumararumugam/.m2/repository/io/dropwizard/metrics/metrics-core/4.1.12.1/metrics-core-4.1.12.1.jar:/Users/mithunramkumararumugam/.m2/repository/commons-cli/commons-cli/1.4/commons-cli-1.4.jar:/Users/mithunramkumararumugam/.m2/repository/org/apache/kafka/kafka_2.13/3.7.1/kafka_2.13-3.7.1-test.jar:/Users/mithunramkumararumugam/.m2/repository/org/junit/jupiter/junit-jupiter-api/5.10.5/junit-jupiter-api-5.10.5.jar:/Users/mithunramkumararumugam/.m2/repository/org/opentest4j/opentest4j/1.3.0/opentest4j-1.3.0.jar:/Users/mithunramkumararumugam/.m2/repository/org/junit/platform/junit-platform-commons/1.10.5/junit-platform-commons-1.10.5.jar:/Users/mithunramkumararumugam/.m2/repository/org/apiguardian/apiguardian-api/1.1.2/apiguardian-api-1.1.2.jar:/Users/mithunramkumararumugam/.m2/repository/org/junit/platform/junit-platform-launcher/1.10.5/junit-platform-launcher-1.10.5.jar:/Users/mithunramkumararumugam/.m2/repository/org/junit/platform/junit-platform-engine/1.10.5/junit-platform-engine-1.10.5.jar:/Users/mithunramkumararumugam/.m2/repository/com/intuit/karate/karate-junit5/1.4.1/karate-junit5-1.4.1.jar:/Users/mithunramkumararumugam/.m2/repository/com/intuit/karate/karate-core/1.4.1/karate-core-1.4.1.jar:/Users/mithunramkumararumugam/.m2/repository/org/graalvm/js/js-scriptengine/22.3.3/js-scriptengine-22.3.3.jar:/Users/mithunramkumararumugam/.m2/repository/org/graalvm/sdk/graal-sdk/22.3.3/graal-sdk-22.3.3.jar:/Users/mithunramkumararumugam/.m2/repository/org/graalvm/js/js/22.3.3/js-22.3.3.jar:/Users/mithunramkumararumugam/.m2/repository/org/graalvm/regex/regex/22.3.3/regex-22.3.3.jar:/Users/mithunramkumararumugam/.m2/repository/org/graalvm/truffle/truffle-api/22.3.3/truffle-api-22.3.3.jar:/Users/mithunramkumararumugam/.m2/repository/com/ibm/icu/icu4j/71.1/icu4j-71.1.jar:/Users/mithunramkumararumugam/.m2/repository/org/thymeleaf/thymeleaf/3.1.2.RELEASE/thymeleaf-3.1.2.RELEASE.jar:/Users/mithunramkumararumugam/.m2/repository/ognl/ognl/3.3.4/ognl-3.3.4.jar:/Users/mithunramkumararumugam/.m2/repository/org/javassist/javassist/3.29.0-GA/javassist-3.29.0-GA.jar:/Users/mithunramkumararumugam/.m2/repository/org/attoparser/attoparser/2.0.7.RELEASE/attoparser-2.0.7.RELEASE.jar:/Users/mithunramkumararumugam/.m2/repository/org/unbescape/unbescape/1.1.6.RELEASE/unbescape-1.1.6.RELEASE.jar:/Users/mithunramkumararumugam/.m2/repository/com/linecorp/armeria/armeria/1.25.2/armeria-1.25.2.jar:/Users/mithunramkumararumugam/.m2/repository/io/micrometer/micrometer-core/1.13.6/micrometer-core-1.13.6.jar:/Users/mithunramkumararumugam/.m2/repository/org/hdrhistogram/HdrHistogram/2.2.2/HdrHistogram-2.2.2.jar:/Users/mithunramkumararumugam/.m2/repository/org/latencyutils/LatencyUtils/2.0.3/LatencyUtils-2.0.3.jar:/Users/mithunramkumararumugam/.m2/repository/io/netty/netty-codec-haproxy/4.1.114.Final/netty-codec-haproxy-4.1.114.Final.jar:/Users/mithunramkumararumugam/.m2/repository/io/netty/netty-codec-http2/4.1.114.Final/netty-codec-http2-4.1.114.Final.jar:/Users/mithunramkumararumugam/.m2/repository/io/netty/netty-codec-http/4.1.114.Final/netty-codec-http-4.1.114.Final.jar:/Users/mithunramkumararumugam/.m2/repository/io/netty/netty-resolver-dns/4.1.114.Final/netty-resolver-dns-4.1.114.Final.jar:/Users/mithunramkumararumugam/.m2/repository/io/netty/netty-codec-dns/4.1.114.Final/netty-codec-dns-4.1.114.Final.jar:/Users/mithunramkumararumugam/.m2/repository/org/reactivestreams/reactive-streams/1.0.4/reactive-streams-1.0.4.jar:/Users/mithunramkumararumugam/.m2/repository/com/google/code/findbugs/jsr305/3.0.2/jsr305-3.0.2.jar:/Users/mithunramkumararumugam/.m2/repository/io/netty/netty-handler-proxy/4.1.114.Final/netty-handler-proxy-4.1.114.Final.jar:/Users/mithunramkumararumugam/.m2/repository/io/netty/netty-codec-socks/4.1.114.Final/netty-codec-socks-4.1.114.Final.jar:/Users/mithunramkumararumugam/.m2/repository/io/netty/netty-transport-native-unix-common/4.1.114.Final/netty-transport-native-unix-common-4.1.114.Final-linux-x86_64.jar:/Users/mithunramkumararumugam/.m2/repository/io/netty/netty-transport-native-epoll/4.1.114.Final/netty-transport-native-epoll-4.1.114.Final-linux-x86_64.jar:/Users/mithunramkumararumugam/.m2/repository/io/netty/netty-transport-native-unix-common/4.1.114.Final/netty-transport-native-unix-common-4.1.114.Final-linux-aarch_64.jar:/Users/mithunramkumararumugam/.m2/repository/io/netty/netty-transport-native-epoll/4.1.114.Final/netty-transport-native-epoll-4.1.114.Final-linux-aarch_64.jar:/Users/mithunramkumararumugam/.m2/repository/io/netty/netty-transport-native-unix-common/4.1.114.Final/netty-transport-native-unix-common-4.1.114.Final-osx-x86_64.jar:/Users/mithunramkumararumugam/.m2/repository/io/netty/netty-transport-native-kqueue/4.1.114.Final/netty-transport-native-kqueue-4.1.114.Final-osx-x86_64.jar:/Users/mithunramkumararumugam/.m2/repository/io/netty/netty-transport-classes-kqueue/4.1.114.Final/netty-transport-classes-kqueue-4.1.114.Final.jar:/Users/mithunramkumararumugam/.m2/repository/io/netty/netty-resolver-dns-native-macos/4.1.114.Final/netty-resolver-dns-native-macos-4.1.114.Final-osx-x86_64.jar:/Users/mithunramkumararumugam/.m2/repository/io/netty/netty-resolver-dns-classes-macos/4.1.114.Final/netty-resolver-dns-classes-macos-4.1.114.Final.jar:/Users/mithunramkumararumugam/.m2/repository/io/netty/netty-transport-native-unix-common/4.1.114.Final/netty-transport-native-unix-common-4.1.114.Final-osx-aarch_64.jar:/Users/mithunramkumararumugam/.m2/repository/io/netty/netty-transport-native-kqueue/4.1.114.Final/netty-transport-native-kqueue-4.1.114.Final-osx-aarch_64.jar:/Users/mithunramkumararumugam/.m2/repository/io/netty/netty-resolver-dns-native-macos/4.1.114.Final/netty-resolver-dns-native-macos-4.1.114.Final-osx-aarch_64.jar:/Users/mithunramkumararumugam/.m2/repository/io/netty/netty-tcnative-boringssl-static/2.0.66.Final/netty-tcnative-boringssl-static-2.0.66.Final-linux-x86_64.jar:/Users/mithunramkumararumugam/.m2/repository/io/netty/netty-tcnative-classes/2.0.66.Final/netty-tcnative-classes-2.0.66.Final.jar:/Users/mithunramkumararumugam/.m2/repository/io/netty/netty-tcnative-boringssl-static/2.0.66.Final/netty-tcnative-boringssl-static-2.0.66.Final-linux-aarch_64.jar:/Users/mithunramkumararumugam/.m2/repository/io/netty/netty-tcnative-boringssl-static/2.0.66.Final/netty-tcnative-boringssl-static-2.0.66.Final-osx-x86_64.jar:/Users/mithunramkumararumugam/.m2/repository/io/netty/netty-tcnative-boringssl-static/2.0.66.Final/netty-tcnative-boringssl-static-2.0.66.Final-osx-aarch_64.jar:/Users/mithunramkumararumugam/.m2/repository/io/netty/netty-tcnative-boringssl-static/2.0.66.Final/netty-tcnative-boringssl-static-2.0.66.Final-windows-x86_64.jar:/Users/mithunramkumararumugam/.m2/repository/com/aayushatharva/brotli4j/brotli4j/1.12.0/brotli4j-1.12.0.jar:/Users/mithunramkumararumugam/.m2/repository/com/aayushatharva/brotli4j/service/1.12.0/service-1.12.0.jar:/Users/mithunramkumararumugam/.m2/repository/com/aayushatharva/brotli4j/native-osx-aarch64/1.12.0/native-osx-aarch64-1.12.0.jar:/Users/mithunramkumararumugam/.m2/repository/commons-codec/commons-codec/1.16.1/commons-codec-1.16.1.jar:/Users/mithunramkumararumugam/.m2/repository/de/siegmar/fastcsv/2.2.1/fastcsv-2.2.1.jar:/Users/mithunramkumararumugam/.m2/repository/info/picocli/picocli/4.7.1/picocli-4.7.1.jar:/Users/mithunramkumararumugam/.m2/repository/io/github/classgraph/classgraph/4.8.160/classgraph-4.8.160.jar:/Users/mithunramkumararumugam/.m2/repository/io/github/t12y/resemble/1.0.2/resemble-1.0.2.jar:/Users/mithunramkumararumugam/.m2/repository/io/github/t12y/ssim/1.0.0/ssim-1.0.0.jar:/Users/mithunramkumararumugam/.m2/repository/org/junit/jupiter/junit-jupiter-engine/5.10.5/junit-jupiter-engine-5.10.5.jar:/Users/mithunramkumararumugam/.m2/repository/com/intuit/karate/karate-apache/0.9.6/karate-apache-0.9.6.jar:/Users/mithunramkumararumugam/.m2/repository/org/apache/httpcomponents/httpclient/4.5.12/httpclient-4.5.12.jar:/Users/mithunramkumararumugam/.m2/repository/org/apache/httpcomponents/httpcore/4.4.16/httpcore-4.4.16.jar:/Users/mithunramkumararumugam/.m2/repository/org/apache/httpcomponents/httpmime/4.5.12/httpmime-4.5.12.jar:/Users/mithunramkumararumugam/.m2/repository/org/slf4j/jcl-over-slf4j/2.0.16/jcl-over-slf4j-2.0.16.jar:/Users/mithunramkumararumugam/.m2/repository/ch/qos/logback/logback-classic/1.5.11/logback-classic-1.5.11.jar:"/>
    <property name="sun.cpu.endian" value="little"/>
    <property name="user.home" value="/Users/mithunramkumararumugam"/>
    <property name="user.language" value="en"/>
    <property name="java.specification.vendor" value="Oracle Corporation"/>
    <property name="java.version.date" value="2024-07-16"/>
    <property name="java.home" value="/Library/Java/JavaVirtualMachines/jdk-21.jdk/Contents/Home"/>
    <property name="file.separator" value="/"/>
    <property name="basedir" value="/Users/mithunramkumararumugam/Documents/Mithun/Rabo/timeline"/>
    <property name="java.vm.compressedOopsMode" value="Zero based"/>
    <property name="line.separator" value="&#10;"/>
    <property name="java.vm.specification.vendor" value="Oracle Corporation"/>
    <property name="java.specification.name" value="Java Platform API Specification"/>
    <property name="FILE_LOG_CHARSET" value="UTF-8"/>
    <property name="java.awt.headless" value="true"/>
    <property name="apple.awt.application.name" value="ForkedBooter"/>
    <property name="surefire.real.class.path" value="/Users/mithunramkumararumugam/Documents/Mithun/Rabo/timeline/target/surefire/surefirebooter-20241111122909361_3.jar"/>
    <property name="sun.management.compiler" value="HotSpot 64-Bit Tiered Compilers"/>
    <property name="ftp.nonProxyHosts" value="local|*.local|169.254/16|*.169.254/16"/>
    <property name="java.runtime.version" value="21.0.4+8-LTS-274"/>
    <property name="user.name" value="mithunramkumararumugam"/>
    <property name="stdout.encoding" value="UTF-8"/>
    <property name="path.separator" value=":"/>
    <property name="os.version" value="14.3"/>
    <property name="java.runtime.name" value="Java(TM) SE Runtime Environment"/>
    <property name="file.encoding" value="UTF-8"/>
    <property name="java.vm.name" value="Java HotSpot(TM) 64-Bit Server VM"/>
    <property name="localRepository" value="/Users/mithunramkumararumugam/.m2/repository"/>
    <property name="java.vendor.url.bug" value="https://bugreport.java.com/bugreport/"/>
    <property name="java.io.tmpdir" value="/var/folders/nv/y4pfphmd4sn67y237kz4b3hw0000gn/T/"/>
    <property name="idea.version" value="2024.2.3"/>
    <property name="com.zaxxer.hikari.pool_number" value="1"/>
    <property name="java.version" value="21.0.4"/>
    <property name="user.dir" value="/Users/mithunramkumararumugam/Documents/Mithun/Rabo/timeline"/>
    <property name="os.arch" value="aarch64"/>
    <property name="java.vm.specification.name" value="Java Virtual Machine Specification"/>
    <property name="PID" value="36064"/>
    <property name="CONSOLE_LOG_CHARSET" value="UTF-8"/>
    <property name="native.encoding" value="UTF-8"/>
    <property name="java.library.path" value="/Users/mithunramkumararumugam/Library/Java/Extensions:/Library/Java/Extensions:/Network/Library/Java/Extensions:/System/Library/Java/Extensions:/usr/lib/java:."/>
    <property name="java.vm.info" value="mixed mode, sharing"/>
    <property name="stderr.encoding" value="UTF-8"/>
    <property name="java.vendor" value="Oracle Corporation"/>
    <property name="java.vm.version" value="21.0.4+8-LTS-274"/>
    <property name="sun.io.unicode.encoding" value="UnicodeBig"/>
    <property name="socksNonProxyHosts" value="local|*.local|169.254/16|*.169.254/16"/>
    <property name="java.class.version" value="65.0"/>
    <property name="LOGGED_APPLICATION_NAME" value="[timeline] "/>
  </properties>
  <testcase name="contextLoads" classname="nl.rabobank.mithun.assessment.timeline.TimelineApplicationTests" time="0.275">
    <system-out><![CDATA[12:29:09.694 [main] INFO org.springframework.test.context.support.AnnotationConfigContextLoaderUtils -- Could not detect default configuration classes for test class [nl.rabobank.mithun.assessment.timeline.TimelineApplicationTests]: TimelineApplicationTests does not declare any static, non-private, non-final, nested classes annotated with @Configuration.
12:29:09.726 [main] INFO org.springframework.boot.test.context.SpringBootTestContextBootstrapper -- Found @SpringBootConfiguration nl.rabobank.mithun.assessment.timeline.TimelineApplication for test class nl.rabobank.mithun.assessment.timeline.TimelineApplicationTests

  .   ____          _            __ _ _
 /\\ / ___'_ __ _ _(_)_ __  __ _ \ \ \ \
( ( )\___ | '_ | '_| | '_ \/ _` | \ \ \ \
 \\/  ___)| |_)| | | | | || (_| |  ) ) ) )
  '  |____| .__|_| |_|_| |_\__, | / / / /
 =========|_|==============|___/=/_/_/_/

 :: Spring Boot ::                (v3.3.5)

2024-11-11T12:29:09.863+01:00  INFO 36064 --- [timeline] [           main] n.r.m.a.t.TimelineApplicationTests       : Starting TimelineApplicationTests using Java 21.0.4 with PID 36064 (started by mithunramkumararumugam in /Users/mithunramkumararumugam/Documents/Mithun/Rabo/timeline)
2024-11-11T12:29:09.863+01:00  INFO 36064 --- [timeline] [           main] n.r.m.a.t.TimelineApplicationTests       : No active profile set, falling back to 1 default profile: "default"
2024-11-11T12:29:10.073+01:00  INFO 36064 --- [timeline] [           main] .s.d.r.c.RepositoryConfigurationDelegate : Bootstrapping Spring Data JPA repositories in DEFAULT mode.
2024-11-11T12:29:10.095+01:00  INFO 36064 --- [timeline] [           main] .s.d.r.c.RepositoryConfigurationDelegate : Finished Spring Data repository scanning in 19 ms. Found 2 JPA repository interfaces.
2024-11-11T12:29:10.251+01:00  INFO 36064 --- [timeline] [           main] com.zaxxer.hikari.HikariDataSource       : HikariPool-1 - Starting...
2024-11-11T12:29:10.317+01:00  INFO 36064 --- [timeline] [           main] com.zaxxer.hikari.pool.HikariPool        : HikariPool-1 - Added connection conn0: url=jdbc:h2:mem:mydb user=SA
2024-11-11T12:29:10.318+01:00  INFO 36064 --- [timeline] [           main] com.zaxxer.hikari.HikariDataSource       : HikariPool-1 - Start completed.
2024-11-11T12:29:10.344+01:00  INFO 36064 --- [timeline] [           main] o.hibernate.jpa.internal.util.LogHelper  : HHH000204: Processing PersistenceUnitInfo [name: default]
2024-11-11T12:29:10.359+01:00  INFO 36064 --- [timeline] [           main] org.hibernate.Version                    : HHH000412: Hibernate ORM core version 6.5.3.Final
2024-11-11T12:29:10.369+01:00  INFO 36064 --- [timeline] [           main] o.h.c.internal.RegionFactoryInitiator    : HHH000026: Second-level cache disabled
2024-11-11T12:29:10.453+01:00  INFO 36064 --- [timeline] [           main] o.s.o.j.p.SpringPersistenceUnitInfo      : No LoadTimeWeaver setup: ignoring JPA class transformer
2024-11-11T12:29:10.468+01:00  WARN 36064 --- [timeline] [           main] org.hibernate.orm.deprecation            : HHH90000025: H2Dialect does not need to be specified explicitly using 'hibernate.dialect' (remove the property setting and it will be selected by default)
2024-11-11T12:29:10.832+01:00  INFO 36064 --- [timeline] [           main] o.h.e.t.j.p.i.JtaPlatformInitiator       : HHH000489: No JTA platform available (set 'hibernate.transaction.jta.platform' to enable JTA platform integration)
2024-11-11T12:29:10.843+01:00  INFO 36064 --- [timeline] [           main] j.LocalContainerEntityManagerFactoryBean : Initialized JPA EntityManagerFactory for persistence unit 'default'
2024-11-11T12:29:11.004+01:00  WARN 36064 --- [timeline] [           main] JpaBaseConfiguration$JpaWebConfiguration : spring.jpa.open-in-view is enabled by default. Therefore, database queries may be performed during view rendering. Explicitly configure spring.jpa.open-in-view to disable this warning
2024-11-11T12:29:11.113+01:00  INFO 36064 --- [timeline] [           main] o.s.b.a.h2.H2ConsoleAutoConfiguration    : H2 console available at '/h2-console'. Database available at 'jdbc:h2:mem:mydb'
2024-11-11T12:29:11.146+01:00  INFO 36064 --- [timeline] [           main] o.a.k.clients.admin.AdminClientConfig    : AdminClientConfig values: 
	auto.include.jmx.reporter = true
	bootstrap.controllers = []
	bootstrap.servers = [localhost:9092]
	client.dns.lookup = use_all_dns_ips
	client.id = timeline-admin-0
	connections.max.idle.ms = 300000
	default.api.timeout.ms = 60000
	enable.metrics.push = true
	metadata.max.age.ms = 300000
	metric.reporters = []
	metrics.num.samples = 2
	metrics.recording.level = INFO
	metrics.sample.window.ms = 30000
	receive.buffer.bytes = 65536
	reconnect.backoff.max.ms = 1000
	reconnect.backoff.ms = 50
	request.timeout.ms = 30000
	retries = 2147483647
	retry.backoff.max.ms = 1000
	retry.backoff.ms = 100
	sasl.client.callback.handler.class = null
	sasl.jaas.config = null
	sasl.kerberos.kinit.cmd = /usr/bin/kinit
	sasl.kerberos.min.time.before.relogin = 60000
	sasl.kerberos.service.name = null
	sasl.kerberos.ticket.renew.jitter = 0.05
	sasl.kerberos.ticket.renew.window.factor = 0.8
	sasl.login.callback.handler.class = null
	sasl.login.class = null
	sasl.login.connect.timeout.ms = null
	sasl.login.read.timeout.ms = null
	sasl.login.refresh.buffer.seconds = 300
	sasl.login.refresh.min.period.seconds = 60
	sasl.login.refresh.window.factor = 0.8
	sasl.login.refresh.window.jitter = 0.05
	sasl.login.retry.backoff.max.ms = 10000
	sasl.login.retry.backoff.ms = 100
	sasl.mechanism = GSSAPI
	sasl.oauthbearer.clock.skew.seconds = 30
	sasl.oauthbearer.expected.audience = null
	sasl.oauthbearer.expected.issuer = null
	sasl.oauthbearer.jwks.endpoint.refresh.ms = 3600000
	sasl.oauthbearer.jwks.endpoint.retry.backoff.max.ms = 10000
	sasl.oauthbearer.jwks.endpoint.retry.backoff.ms = 100
	sasl.oauthbearer.jwks.endpoint.url = null
	sasl.oauthbearer.scope.claim.name = scope
	sasl.oauthbearer.sub.claim.name = sub
	sasl.oauthbearer.token.endpoint.url = null
	security.protocol = PLAINTEXT
	security.providers = null
	send.buffer.bytes = 131072
	socket.connection.setup.timeout.max.ms = 30000
	socket.connection.setup.timeout.ms = 10000
	ssl.cipher.suites = null
	ssl.enabled.protocols = [TLSv1.2, TLSv1.3]
	ssl.endpoint.identification.algorithm = https
	ssl.engine.factory.class = null
	ssl.key.password = null
	ssl.keymanager.algorithm = SunX509
	ssl.keystore.certificate.chain = null
	ssl.keystore.key = null
	ssl.keystore.location = null
	ssl.keystore.password = null
	ssl.keystore.type = JKS
	ssl.protocol = TLSv1.3
	ssl.provider = null
	ssl.secure.random.implementation = null
	ssl.trustmanager.algorithm = PKIX
	ssl.truststore.certificates = null
	ssl.truststore.location = null
	ssl.truststore.password = null
	ssl.truststore.type = JKS

2024-11-11T12:29:11.212+01:00  INFO 36064 --- [timeline] [           main] o.a.kafka.common.utils.AppInfoParser     : Kafka version: 3.7.1
2024-11-11T12:29:11.212+01:00  INFO 36064 --- [timeline] [           main] o.a.kafka.common.utils.AppInfoParser     : Kafka commitId: e2494e6ffb89f828
2024-11-11T12:29:11.212+01:00  INFO 36064 --- [timeline] [           main] o.a.kafka.common.utils.AppInfoParser     : Kafka startTimeMs: 1731324551212
2024-11-11T12:29:11.221+01:00  INFO 36064 --- [timeline] [imeline-admin-0] org.apache.kafka.clients.NetworkClient   : [AdminClient clientId=timeline-admin-0] Node -1 disconnected.
2024-11-11T12:29:11.222+01:00  WARN 36064 --- [timeline] [imeline-admin-0] org.apache.kafka.clients.NetworkClient   : [AdminClient clientId=timeline-admin-0] Connection to node -1 (localhost/127.0.0.1:9092) could not be established. Node may not be available.
2024-11-11T12:29:11.324+01:00  INFO 36064 --- [timeline] [imeline-admin-0] org.apache.kafka.clients.NetworkClient   : [AdminClient clientId=timeline-admin-0] Node -1 disconnected.
2024-11-11T12:29:11.324+01:00  WARN 36064 --- [timeline] [imeline-admin-0] org.apache.kafka.clients.NetworkClient   : [AdminClient clientId=timeline-admin-0] Connection to node -1 (localhost/127.0.0.1:9092) could not be established. Node may not be available.
2024-11-11T12:29:11.526+01:00  INFO 36064 --- [timeline] [imeline-admin-0] org.apache.kafka.clients.NetworkClient   : [AdminClient clientId=timeline-admin-0] Node -1 disconnected.
2024-11-11T12:29:11.527+01:00  WARN 36064 --- [timeline] [imeline-admin-0] org.apache.kafka.clients.NetworkClient   : [AdminClient clientId=timeline-admin-0] Connection to node -1 (localhost/127.0.0.1:9092) could not be established. Node may not be available.
2024-11-11T12:29:11.730+01:00  INFO 36064 --- [timeline] [imeline-admin-0] org.apache.kafka.clients.NetworkClient   : [AdminClient clientId=timeline-admin-0] Node -1 disconnected.
2024-11-11T12:29:11.730+01:00  WARN 36064 --- [timeline] [imeline-admin-0] org.apache.kafka.clients.NetworkClient   : [AdminClient clientId=timeline-admin-0] Connection to node -1 (localhost/127.0.0.1:9092) could not be established. Node may not be available.
2024-11-11T12:29:12.239+01:00  INFO 36064 --- [timeline] [imeline-admin-0] org.apache.kafka.clients.NetworkClient   : [AdminClient clientId=timeline-admin-0] Node -1 disconnected.
2024-11-11T12:29:12.240+01:00  WARN 36064 --- [timeline] [imeline-admin-0] org.apache.kafka.clients.NetworkClient   : [AdminClient clientId=timeline-admin-0] Connection to node -1 (localhost/127.0.0.1:9092) could not be established. Node may not be available.
2024-11-11T12:29:13.052+01:00  INFO 36064 --- [timeline] [imeline-admin-0] org.apache.kafka.clients.NetworkClient   : [AdminClient clientId=timeline-admin-0] Node -1 disconnected.
2024-11-11T12:29:13.052+01:00  WARN 36064 --- [timeline] [imeline-admin-0] org.apache.kafka.clients.NetworkClient   : [AdminClient clientId=timeline-admin-0] Connection to node -1 (localhost/127.0.0.1:9092) could not be established. Node may not be available.
2024-11-11T12:29:14.067+01:00  INFO 36064 --- [timeline] [imeline-admin-0] org.apache.kafka.clients.NetworkClient   : [AdminClient clientId=timeline-admin-0] Node -1 disconnected.
2024-11-11T12:29:14.068+01:00  WARN 36064 --- [timeline] [imeline-admin-0] org.apache.kafka.clients.NetworkClient   : [AdminClient clientId=timeline-admin-0] Connection to node -1 (localhost/127.0.0.1:9092) could not be established. Node may not be available.
2024-11-11T12:29:14.982+01:00  INFO 36064 --- [timeline] [imeline-admin-0] org.apache.kafka.clients.NetworkClient   : [AdminClient clientId=timeline-admin-0] Node -1 disconnected.
2024-11-11T12:29:14.983+01:00  WARN 36064 --- [timeline] [imeline-admin-0] org.apache.kafka.clients.NetworkClient   : [AdminClient clientId=timeline-admin-0] Connection to node -1 (localhost/127.0.0.1:9092) could not be established. Node may not be available.
2024-11-11T12:29:15.999+01:00  INFO 36064 --- [timeline] [imeline-admin-0] org.apache.kafka.clients.NetworkClient   : [AdminClient clientId=timeline-admin-0] Node -1 disconnected.
2024-11-11T12:29:16.000+01:00  WARN 36064 --- [timeline] [imeline-admin-0] org.apache.kafka.clients.NetworkClient   : [AdminClient clientId=timeline-admin-0] Connection to node -1 (localhost/127.0.0.1:9092) could not be established. Node may not be available.
2024-11-11T12:29:17.016+01:00  INFO 36064 --- [timeline] [imeline-admin-0] org.apache.kafka.clients.NetworkClient   : [AdminClient clientId=timeline-admin-0] Node -1 disconnected.
2024-11-11T12:29:17.016+01:00  WARN 36064 --- [timeline] [imeline-admin-0] org.apache.kafka.clients.NetworkClient   : [AdminClient clientId=timeline-admin-0] Connection to node -1 (localhost/127.0.0.1:9092) could not be established. Node may not be available.
2024-11-11T12:29:18.031+01:00  INFO 36064 --- [timeline] [imeline-admin-0] org.apache.kafka.clients.NetworkClient   : [AdminClient clientId=timeline-admin-0] Node -1 disconnected.
2024-11-11T12:29:18.031+01:00  WARN 36064 --- [timeline] [imeline-admin-0] org.apache.kafka.clients.NetworkClient   : [AdminClient clientId=timeline-admin-0] Connection to node -1 (localhost/127.0.0.1:9092) could not be established. Node may not be available.
2024-11-11T12:29:19.046+01:00  INFO 36064 --- [timeline] [imeline-admin-0] org.apache.kafka.clients.NetworkClient   : [AdminClient clientId=timeline-admin-0] Node -1 disconnected.
2024-11-11T12:29:19.046+01:00  WARN 36064 --- [timeline] [imeline-admin-0] org.apache.kafka.clients.NetworkClient   : [AdminClient clientId=timeline-admin-0] Connection to node -1 (localhost/127.0.0.1:9092) could not be established. Node may not be available.
2024-11-11T12:29:20.058+01:00  INFO 36064 --- [timeline] [imeline-admin-0] org.apache.kafka.clients.NetworkClient   : [AdminClient clientId=timeline-admin-0] Node -1 disconnected.
2024-11-11T12:29:20.059+01:00  WARN 36064 --- [timeline] [imeline-admin-0] org.apache.kafka.clients.NetworkClient   : [AdminClient clientId=timeline-admin-0] Connection to node -1 (localhost/127.0.0.1:9092) could not be established. Node may not be available.
2024-11-11T12:29:21.072+01:00  INFO 36064 --- [timeline] [imeline-admin-0] org.apache.kafka.clients.NetworkClient   : [AdminClient clientId=timeline-admin-0] Node -1 disconnected.
2024-11-11T12:29:21.072+01:00  WARN 36064 --- [timeline] [imeline-admin-0] org.apache.kafka.clients.NetworkClient   : [AdminClient clientId=timeline-admin-0] Connection to node -1 (localhost/127.0.0.1:9092) could not be established. Node may not be available.
2024-11-11T12:29:22.086+01:00  INFO 36064 --- [timeline] [imeline-admin-0] org.apache.kafka.clients.NetworkClient   : [AdminClient clientId=timeline-admin-0] Node -1 disconnected.
2024-11-11T12:29:22.086+01:00  WARN 36064 --- [timeline] [imeline-admin-0] org.apache.kafka.clients.NetworkClient   : [AdminClient clientId=timeline-admin-0] Connection to node -1 (localhost/127.0.0.1:9092) could not be established. Node may not be available.
2024-11-11T12:29:23.101+01:00  INFO 36064 --- [timeline] [imeline-admin-0] org.apache.kafka.clients.NetworkClient   : [AdminClient clientId=timeline-admin-0] Node -1 disconnected.
2024-11-11T12:29:23.101+01:00  WARN 36064 --- [timeline] [imeline-admin-0] org.apache.kafka.clients.NetworkClient   : [AdminClient clientId=timeline-admin-0] Connection to node -1 (localhost/127.0.0.1:9092) could not be established. Node may not be available.
2024-11-11T12:29:24.116+01:00  INFO 36064 --- [timeline] [imeline-admin-0] org.apache.kafka.clients.NetworkClient   : [AdminClient clientId=timeline-admin-0] Node -1 disconnected.
2024-11-11T12:29:24.116+01:00  WARN 36064 --- [timeline] [imeline-admin-0] org.apache.kafka.clients.NetworkClient   : [AdminClient clientId=timeline-admin-0] Connection to node -1 (localhost/127.0.0.1:9092) could not be established. Node may not be available.
2024-11-11T12:29:25.029+01:00  INFO 36064 --- [timeline] [imeline-admin-0] org.apache.kafka.clients.NetworkClient   : [AdminClient clientId=timeline-admin-0] Node -1 disconnected.
2024-11-11T12:29:25.030+01:00  WARN 36064 --- [timeline] [imeline-admin-0] org.apache.kafka.clients.NetworkClient   : [AdminClient clientId=timeline-admin-0] Connection to node -1 (localhost/127.0.0.1:9092) could not be established. Node may not be available.
2024-11-11T12:29:26.045+01:00  INFO 36064 --- [timeline] [imeline-admin-0] org.apache.kafka.clients.NetworkClient   : [AdminClient clientId=timeline-admin-0] Node -1 disconnected.
2024-11-11T12:29:26.045+01:00  WARN 36064 --- [timeline] [imeline-admin-0] org.apache.kafka.clients.NetworkClient   : [AdminClient clientId=timeline-admin-0] Connection to node -1 (localhost/127.0.0.1:9092) could not be established. Node may not be available.
2024-11-11T12:29:26.957+01:00  INFO 36064 --- [timeline] [imeline-admin-0] org.apache.kafka.clients.NetworkClient   : [AdminClient clientId=timeline-admin-0] Node -1 disconnected.
2024-11-11T12:29:26.958+01:00  WARN 36064 --- [timeline] [imeline-admin-0] org.apache.kafka.clients.NetworkClient   : [AdminClient clientId=timeline-admin-0] Connection to node -1 (localhost/127.0.0.1:9092) could not be established. Node may not be available.
2024-11-11T12:29:27.973+01:00  INFO 36064 --- [timeline] [imeline-admin-0] org.apache.kafka.clients.NetworkClient   : [AdminClient clientId=timeline-admin-0] Node -1 disconnected.
2024-11-11T12:29:27.974+01:00  WARN 36064 --- [timeline] [imeline-admin-0] org.apache.kafka.clients.NetworkClient   : [AdminClient clientId=timeline-admin-0] Connection to node -1 (localhost/127.0.0.1:9092) could not be established. Node may not be available.
2024-11-11T12:29:28.989+01:00  INFO 36064 --- [timeline] [imeline-admin-0] org.apache.kafka.clients.NetworkClient   : [AdminClient clientId=timeline-admin-0] Node -1 disconnected.
2024-11-11T12:29:28.989+01:00  WARN 36064 --- [timeline] [imeline-admin-0] org.apache.kafka.clients.NetworkClient   : [AdminClient clientId=timeline-admin-0] Connection to node -1 (localhost/127.0.0.1:9092) could not be established. Node may not be available.
2024-11-11T12:29:29.902+01:00  INFO 36064 --- [timeline] [imeline-admin-0] org.apache.kafka.clients.NetworkClient   : [AdminClient clientId=timeline-admin-0] Node -1 disconnected.
2024-11-11T12:29:29.903+01:00  WARN 36064 --- [timeline] [imeline-admin-0] org.apache.kafka.clients.NetworkClient   : [AdminClient clientId=timeline-admin-0] Connection to node -1 (localhost/127.0.0.1:9092) could not be established. Node may not be available.
2024-11-11T12:29:30.816+01:00  INFO 36064 --- [timeline] [imeline-admin-0] org.apache.kafka.clients.NetworkClient   : [AdminClient clientId=timeline-admin-0] Node -1 disconnected.
2024-11-11T12:29:30.816+01:00  WARN 36064 --- [timeline] [imeline-admin-0] org.apache.kafka.clients.NetworkClient   : [AdminClient clientId=timeline-admin-0] Connection to node -1 (localhost/127.0.0.1:9092) could not be established. Node may not be available.
2024-11-11T12:29:31.729+01:00  INFO 36064 --- [timeline] [imeline-admin-0] org.apache.kafka.clients.NetworkClient   : [AdminClient clientId=timeline-admin-0] Node -1 disconnected.
2024-11-11T12:29:31.730+01:00  WARN 36064 --- [timeline] [imeline-admin-0] org.apache.kafka.clients.NetworkClient   : [AdminClient clientId=timeline-admin-0] Connection to node -1 (localhost/127.0.0.1:9092) could not be established. Node may not be available.
2024-11-11T12:29:32.744+01:00  INFO 36064 --- [timeline] [imeline-admin-0] org.apache.kafka.clients.NetworkClient   : [AdminClient clientId=timeline-admin-0] Node -1 disconnected.
2024-11-11T12:29:32.744+01:00  WARN 36064 --- [timeline] [imeline-admin-0] org.apache.kafka.clients.NetworkClient   : [AdminClient clientId=timeline-admin-0] Connection to node -1 (localhost/127.0.0.1:9092) could not be established. Node may not be available.
2024-11-11T12:29:33.657+01:00  INFO 36064 --- [timeline] [imeline-admin-0] org.apache.kafka.clients.NetworkClient   : [AdminClient clientId=timeline-admin-0] Node -1 disconnected.
2024-11-11T12:29:33.657+01:00  WARN 36064 --- [timeline] [imeline-admin-0] org.apache.kafka.clients.NetworkClient   : [AdminClient clientId=timeline-admin-0] Connection to node -1 (localhost/127.0.0.1:9092) could not be established. Node may not be available.
2024-11-11T12:29:34.671+01:00  INFO 36064 --- [timeline] [imeline-admin-0] org.apache.kafka.clients.NetworkClient   : [AdminClient clientId=timeline-admin-0] Node -1 disconnected.
2024-11-11T12:29:34.672+01:00  WARN 36064 --- [timeline] [imeline-admin-0] org.apache.kafka.clients.NetworkClient   : [AdminClient clientId=timeline-admin-0] Connection to node -1 (localhost/127.0.0.1:9092) could not be established. Node may not be available.
2024-11-11T12:29:35.686+01:00  INFO 36064 --- [timeline] [imeline-admin-0] org.apache.kafka.clients.NetworkClient   : [AdminClient clientId=timeline-admin-0] Node -1 disconnected.
2024-11-11T12:29:35.687+01:00  WARN 36064 --- [timeline] [imeline-admin-0] org.apache.kafka.clients.NetworkClient   : [AdminClient clientId=timeline-admin-0] Connection to node -1 (localhost/127.0.0.1:9092) could not be established. Node may not be available.
2024-11-11T12:29:36.600+01:00  INFO 36064 --- [timeline] [imeline-admin-0] org.apache.kafka.clients.NetworkClient   : [AdminClient clientId=timeline-admin-0] Node -1 disconnected.
2024-11-11T12:29:36.601+01:00  WARN 36064 --- [timeline] [imeline-admin-0] org.apache.kafka.clients.NetworkClient   : [AdminClient clientId=timeline-admin-0] Connection to node -1 (localhost/127.0.0.1:9092) could not be established. Node may not be available.
2024-11-11T12:29:37.614+01:00  INFO 36064 --- [timeline] [imeline-admin-0] org.apache.kafka.clients.NetworkClient   : [AdminClient clientId=timeline-admin-0] Node -1 disconnected.
2024-11-11T12:29:37.614+01:00  WARN 36064 --- [timeline] [imeline-admin-0] org.apache.kafka.clients.NetworkClient   : [AdminClient clientId=timeline-admin-0] Connection to node -1 (localhost/127.0.0.1:9092) could not be established. Node may not be available.
2024-11-11T12:29:38.527+01:00  INFO 36064 --- [timeline] [imeline-admin-0] org.apache.kafka.clients.NetworkClient   : [AdminClient clientId=timeline-admin-0] Node -1 disconnected.
2024-11-11T12:29:38.528+01:00  WARN 36064 --- [timeline] [imeline-admin-0] org.apache.kafka.clients.NetworkClient   : [AdminClient clientId=timeline-admin-0] Connection to node -1 (localhost/127.0.0.1:9092) could not be established. Node may not be available.
2024-11-11T12:29:39.542+01:00  INFO 36064 --- [timeline] [imeline-admin-0] org.apache.kafka.clients.NetworkClient   : [AdminClient clientId=timeline-admin-0] Node -1 disconnected.
2024-11-11T12:29:39.542+01:00  WARN 36064 --- [timeline] [imeline-admin-0] org.apache.kafka.clients.NetworkClient   : [AdminClient clientId=timeline-admin-0] Connection to node -1 (localhost/127.0.0.1:9092) could not be established. Node may not be available.
2024-11-11T12:29:40.556+01:00  INFO 36064 --- [timeline] [imeline-admin-0] org.apache.kafka.clients.NetworkClient   : [AdminClient clientId=timeline-admin-0] Node -1 disconnected.
2024-11-11T12:29:40.556+01:00  WARN 36064 --- [timeline] [imeline-admin-0] org.apache.kafka.clients.NetworkClient   : [AdminClient clientId=timeline-admin-0] Connection to node -1 (localhost/127.0.0.1:9092) could not be established. Node may not be available.
2024-11-11T12:29:41.215+01:00  INFO 36064 --- [timeline] [imeline-admin-0] o.a.k.c.a.i.AdminMetadataManager         : [AdminClient clientId=timeline-admin-0] Metadata update failed

org.apache.kafka.common.errors.TimeoutException: Timed out waiting for a node assignment. Call: fetchMetadata

2024-11-11T12:29:41.219+01:00 ERROR 36064 --- [timeline] [           main] o.springframework.kafka.core.KafkaAdmin  : Could not configure topics

org.springframework.kafka.KafkaException: Timed out waiting to get existing topics
	at org.springframework.kafka.core.KafkaAdmin.lambda$checkPartitions$13(KafkaAdmin.java:550) ~[spring-kafka-3.2.4.jar:3.2.4]
	at java.base/java.util.HashMap.forEach(HashMap.java:1429) ~[na:na]
	at org.springframework.kafka.core.KafkaAdmin.checkPartitions(KafkaAdmin.java:529) ~[spring-kafka-3.2.4.jar:3.2.4]
	at org.springframework.kafka.core.KafkaAdmin.addOrModifyTopicsIfNeeded(KafkaAdmin.java:422) ~[spring-kafka-3.2.4.jar:3.2.4]
	at org.springframework.kafka.core.KafkaAdmin.initialize(KafkaAdmin.java:274) ~[spring-kafka-3.2.4.jar:3.2.4]
	at org.springframework.kafka.core.KafkaAdmin.afterSingletonsInstantiated(KafkaAdmin.java:238) ~[spring-kafka-3.2.4.jar:3.2.4]
	at org.springframework.beans.factory.support.DefaultListableBeanFactory.preInstantiateSingletons(DefaultListableBeanFactory.java:986) ~[spring-beans-6.1.14.jar:6.1.14]
	at org.springframework.context.support.AbstractApplicationContext.finishBeanFactoryInitialization(AbstractApplicationContext.java:971) ~[spring-context-6.1.14.jar:6.1.14]
	at org.springframework.context.support.AbstractApplicationContext.refresh(AbstractApplicationContext.java:625) ~[spring-context-6.1.14.jar:6.1.14]
	at org.springframework.boot.SpringApplication.refresh(SpringApplication.java:754) ~[spring-boot-3.3.5.jar:3.3.5]
	at org.springframework.boot.SpringApplication.refreshContext(SpringApplication.java:456) ~[spring-boot-3.3.5.jar:3.3.5]
	at org.springframework.boot.SpringApplication.run(SpringApplication.java:335) ~[spring-boot-3.3.5.jar:3.3.5]
	at org.springframework.boot.test.context.SpringBootContextLoader.lambda$loadContext$3(SpringBootContextLoader.java:137) ~[spring-boot-test-3.3.5.jar:3.3.5]
	at org.springframework.util.function.ThrowingSupplier.get(ThrowingSupplier.java:58) ~[spring-core-6.1.14.jar:6.1.14]
	at org.springframework.util.function.ThrowingSupplier.get(ThrowingSupplier.java:46) ~[spring-core-6.1.14.jar:6.1.14]
	at org.springframework.boot.SpringApplication.withHook(SpringApplication.java:1463) ~[spring-boot-3.3.5.jar:3.3.5]
	at org.springframework.boot.test.context.SpringBootContextLoader$ContextLoaderHook.run(SpringBootContextLoader.java:553) ~[spring-boot-test-3.3.5.jar:3.3.5]
	at org.springframework.boot.test.context.SpringBootContextLoader.loadContext(SpringBootContextLoader.java:137) ~[spring-boot-test-3.3.5.jar:3.3.5]
	at org.springframework.boot.test.context.SpringBootContextLoader.loadContext(SpringBootContextLoader.java:108) ~[spring-boot-test-3.3.5.jar:3.3.5]
	at org.springframework.test.context.cache.DefaultCacheAwareContextLoaderDelegate.loadContextInternal(DefaultCacheAwareContextLoaderDelegate.java:225) ~[spring-test-6.1.14.jar:6.1.14]
	at org.springframework.test.context.cache.DefaultCacheAwareContextLoaderDelegate.loadContext(DefaultCacheAwareContextLoaderDelegate.java:152) ~[spring-test-6.1.14.jar:6.1.14]
	at org.springframework.test.context.support.DefaultTestContext.getApplicationContext(DefaultTestContext.java:130) ~[spring-test-6.1.14.jar:6.1.14]
	at org.springframework.test.context.web.ServletTestExecutionListener.setUpRequestContextIfNecessary(ServletTestExecutionListener.java:191) ~[spring-test-6.1.14.jar:6.1.14]
	at org.springframework.test.context.web.ServletTestExecutionListener.prepareTestInstance(ServletTestExecutionListener.java:130) ~[spring-test-6.1.14.jar:6.1.14]
	at org.springframework.test.context.TestContextManager.prepareTestInstance(TestContextManager.java:260) ~[spring-test-6.1.14.jar:6.1.14]
	at org.springframework.test.context.junit.jupiter.SpringExtension.postProcessTestInstance(SpringExtension.java:163) ~[spring-test-6.1.14.jar:6.1.14]
	at org.junit.jupiter.engine.descriptor.ClassBasedTestDescriptor.lambda$invokeTestInstancePostProcessors$10(ClassBasedTestDescriptor.java:378) ~[junit-jupiter-engine-5.10.5.jar:5.10.5]
	at org.junit.jupiter.engine.descriptor.ClassBasedTestDescriptor.executeAndMaskThrowable(ClassBasedTestDescriptor.java:383) ~[junit-jupiter-engine-5.10.5.jar:5.10.5]
	at org.junit.jupiter.engine.descriptor.ClassBasedTestDescriptor.lambda$invokeTestInstancePostProcessors$11(ClassBasedTestDescriptor.java:378) ~[junit-jupiter-engine-5.10.5.jar:5.10.5]
	at java.base/java.util.stream.ReferencePipeline$3$1.accept(ReferencePipeline.java:197) ~[na:na]
	at java.base/java.util.stream.ReferencePipeline$2$1.accept(ReferencePipeline.java:179) ~[na:na]
	at java.base/java.util.ArrayList$ArrayListSpliterator.forEachRemaining(ArrayList.java:1708) ~[na:na]
	at java.base/java.util.stream.AbstractPipeline.copyInto(AbstractPipeline.java:509) ~[na:na]
	at java.base/java.util.stream.AbstractPipeline.wrapAndCopyInto(AbstractPipeline.java:499) ~[na:na]
	at java.base/java.util.stream.StreamSpliterators$WrappingSpliterator.forEachRemaining(StreamSpliterators.java:310) ~[na:na]
	at java.base/java.util.stream.Streams$ConcatSpliterator.forEachRemaining(Streams.java:735) ~[na:na]
	at java.base/java.util.stream.Streams$ConcatSpliterator.forEachRemaining(Streams.java:734) ~[na:na]
	at java.base/java.util.stream.ReferencePipeline$Head.forEach(ReferencePipeline.java:762) ~[na:na]
	at org.junit.jupiter.engine.descriptor.ClassBasedTestDescriptor.invokeTestInstancePostProcessors(ClassBasedTestDescriptor.java:377) ~[junit-jupiter-engine-5.10.5.jar:5.10.5]
	at org.junit.jupiter.engine.descriptor.ClassBasedTestDescriptor.lambda$instantiateAndPostProcessTestInstance$6(ClassBasedTestDescriptor.java:290) ~[junit-jupiter-engine-5.10.5.jar:5.10.5]
	at org.junit.platform.engine.support.hierarchical.ThrowableCollector.execute(ThrowableCollector.java:73) ~[junit-platform-engine-1.10.5.jar:1.10.5]
	at org.junit.jupiter.engine.descriptor.ClassBasedTestDescriptor.instantiateAndPostProcessTestInstance(ClassBasedTestDescriptor.java:289) ~[junit-jupiter-engine-5.10.5.jar:5.10.5]
	at org.junit.jupiter.engine.descriptor.ClassBasedTestDescriptor.lambda$testInstancesProvider$4(ClassBasedTestDescriptor.java:279) ~[junit-jupiter-engine-5.10.5.jar:5.10.5]
	at java.base/java.util.Optional.orElseGet(Optional.java:364) ~[na:na]
	at org.junit.jupiter.engine.descriptor.ClassBasedTestDescriptor.lambda$testInstancesProvider$5(ClassBasedTestDescriptor.java:278) ~[junit-jupiter-engine-5.10.5.jar:5.10.5]
	at org.junit.jupiter.engine.execution.TestInstancesProvider.getTestInstances(TestInstancesProvider.java:31) ~[junit-jupiter-engine-5.10.5.jar:5.10.5]
	at org.junit.jupiter.engine.descriptor.TestMethodTestDescriptor.lambda$prepare$0(TestMethodTestDescriptor.java:106) ~[junit-jupiter-engine-5.10.5.jar:5.10.5]
	at org.junit.platform.engine.support.hierarchical.ThrowableCollector.execute(ThrowableCollector.java:73) ~[junit-platform-engine-1.10.5.jar:1.10.5]
	at org.junit.jupiter.engine.descriptor.TestMethodTestDescriptor.prepare(TestMethodTestDescriptor.java:105) ~[junit-jupiter-engine-5.10.5.jar:5.10.5]
	at org.junit.jupiter.engine.descriptor.TestMethodTestDescriptor.prepare(TestMethodTestDescriptor.java:69) ~[junit-jupiter-engine-5.10.5.jar:5.10.5]
	at org.junit.platform.engine.support.hierarchical.NodeTestTask.lambda$prepare$2(NodeTestTask.java:128) ~[junit-platform-engine-1.10.5.jar:1.10.5]
	at org.junit.platform.engine.support.hierarchical.ThrowableCollector.execute(ThrowableCollector.java:73) ~[junit-platform-engine-1.10.5.jar:1.10.5]
	at org.junit.platform.engine.support.hierarchical.NodeTestTask.prepare(NodeTestTask.java:128) ~[junit-platform-engine-1.10.5.jar:1.10.5]
	at org.junit.platform.engine.support.hierarchical.NodeTestTask.execute(NodeTestTask.java:95) ~[junit-platform-engine-1.10.5.jar:1.10.5]
	at java.base/java.util.ArrayList.forEach(ArrayList.java:1596) ~[na:na]
	at org.junit.platform.engine.support.hierarchical.SameThreadHierarchicalTestExecutorService.invokeAll(SameThreadHierarchicalTestExecutorService.java:41) ~[junit-platform-engine-1.10.5.jar:1.10.5]
	at org.junit.platform.engine.support.hierarchical.NodeTestTask.lambda$executeRecursively$6(NodeTestTask.java:160) ~[junit-platform-engine-1.10.5.jar:1.10.5]
	at org.junit.platform.engine.support.hierarchical.ThrowableCollector.execute(ThrowableCollector.java:73) ~[junit-platform-engine-1.10.5.jar:1.10.5]
	at org.junit.platform.engine.support.hierarchical.NodeTestTask.lambda$executeRecursively$8(NodeTestTask.java:146) ~[junit-platform-engine-1.10.5.jar:1.10.5]
	at org.junit.platform.engine.support.hierarchical.Node.around(Node.java:137) ~[junit-platform-engine-1.10.5.jar:1.10.5]
	at org.junit.platform.engine.support.hierarchical.NodeTestTask.lambda$executeRecursively$9(NodeTestTask.java:144) ~[junit-platform-engine-1.10.5.jar:1.10.5]
	at org.junit.platform.engine.support.hierarchical.ThrowableCollector.execute(ThrowableCollector.java:73) ~[junit-platform-engine-1.10.5.jar:1.10.5]
	at org.junit.platform.engine.support.hierarchical.NodeTestTask.executeRecursively(NodeTestTask.java:143) ~[junit-platform-engine-1.10.5.jar:1.10.5]
	at org.junit.platform.engine.support.hierarchical.NodeTestTask.execute(NodeTestTask.java:100) ~[junit-platform-engine-1.10.5.jar:1.10.5]
	at java.base/java.util.ArrayList.forEach(ArrayList.java:1596) ~[na:na]
	at org.junit.platform.engine.support.hierarchical.SameThreadHierarchicalTestExecutorService.invokeAll(SameThreadHierarchicalTestExecutorService.java:41) ~[junit-platform-engine-1.10.5.jar:1.10.5]
	at org.junit.platform.engine.support.hierarchical.NodeTestTask.lambda$executeRecursively$6(NodeTestTask.java:160) ~[junit-platform-engine-1.10.5.jar:1.10.5]
	at org.junit.platform.engine.support.hierarchical.ThrowableCollector.execute(ThrowableCollector.java:73) ~[junit-platform-engine-1.10.5.jar:1.10.5]
	at org.junit.platform.engine.support.hierarchical.NodeTestTask.lambda$executeRecursively$8(NodeTestTask.java:146) ~[junit-platform-engine-1.10.5.jar:1.10.5]
	at org.junit.platform.engine.support.hierarchical.Node.around(Node.java:137) ~[junit-platform-engine-1.10.5.jar:1.10.5]
	at org.junit.platform.engine.support.hierarchical.NodeTestTask.lambda$executeRecursively$9(NodeTestTask.java:144) ~[junit-platform-engine-1.10.5.jar:1.10.5]
	at org.junit.platform.engine.support.hierarchical.ThrowableCollector.execute(ThrowableCollector.java:73) ~[junit-platform-engine-1.10.5.jar:1.10.5]
	at org.junit.platform.engine.support.hierarchical.NodeTestTask.executeRecursively(NodeTestTask.java:143) ~[junit-platform-engine-1.10.5.jar:1.10.5]
	at org.junit.platform.engine.support.hierarchical.NodeTestTask.execute(NodeTestTask.java:100) ~[junit-platform-engine-1.10.5.jar:1.10.5]
	at org.junit.platform.engine.support.hierarchical.SameThreadHierarchicalTestExecutorService.submit(SameThreadHierarchicalTestExecutorService.java:35) ~[junit-platform-engine-1.10.5.jar:1.10.5]
	at org.junit.platform.engine.support.hierarchical.HierarchicalTestExecutor.execute(HierarchicalTestExecutor.java:57) ~[junit-platform-engine-1.10.5.jar:1.10.5]
	at org.junit.platform.engine.support.hierarchical.HierarchicalTestEngine.execute(HierarchicalTestEngine.java:54) ~[junit-platform-engine-1.10.5.jar:1.10.5]
	at org.junit.platform.launcher.core.EngineExecutionOrchestrator.execute(EngineExecutionOrchestrator.java:198) ~[junit-platform-launcher-1.10.5.jar:1.10.5]
	at org.junit.platform.launcher.core.EngineExecutionOrchestrator.execute(EngineExecutionOrchestrator.java:169) ~[junit-platform-launcher-1.10.5.jar:1.10.5]
	at org.junit.platform.launcher.core.EngineExecutionOrchestrator.execute(EngineExecutionOrchestrator.java:93) ~[junit-platform-launcher-1.10.5.jar:1.10.5]
	at org.junit.platform.launcher.core.EngineExecutionOrchestrator.lambda$execute$0(EngineExecutionOrchestrator.java:58) ~[junit-platform-launcher-1.10.5.jar:1.10.5]
	at org.junit.platform.launcher.core.EngineExecutionOrchestrator.withInterceptedStreams(EngineExecutionOrchestrator.java:141) ~[junit-platform-launcher-1.10.5.jar:1.10.5]
	at org.junit.platform.launcher.core.EngineExecutionOrchestrator.execute(EngineExecutionOrchestrator.java:57) ~[junit-platform-launcher-1.10.5.jar:1.10.5]
	at org.junit.platform.launcher.core.DefaultLauncher.execute(DefaultLauncher.java:103) ~[junit-platform-launcher-1.10.5.jar:1.10.5]
	at org.junit.platform.launcher.core.DefaultLauncher.execute(DefaultLauncher.java:85) ~[junit-platform-launcher-1.10.5.jar:1.10.5]
	at org.junit.platform.launcher.core.DelegatingLauncher.execute(DelegatingLauncher.java:47) ~[junit-platform-launcher-1.10.5.jar:1.10.5]
	at org.apache.maven.surefire.junitplatform.LazyLauncher.execute(LazyLauncher.java:56) ~[surefire-junit-platform-3.5.2.jar:3.5.2]
	at org.apache.maven.surefire.junitplatform.JUnitPlatformProvider.execute(JUnitPlatformProvider.java:184) ~[surefire-junit-platform-3.5.2.jar:3.5.2]
	at org.apache.maven.surefire.junitplatform.JUnitPlatformProvider.invokeAllTests(JUnitPlatformProvider.java:148) ~[surefire-junit-platform-3.5.2.jar:3.5.2]
	at org.apache.maven.surefire.junitplatform.JUnitPlatformProvider.invoke(JUnitPlatformProvider.java:122) ~[surefire-junit-platform-3.5.2.jar:3.5.2]
	at org.apache.maven.surefire.booter.ForkedBooter.runSuitesInProcess(ForkedBooter.java:385) ~[surefire-booter-3.5.2.jar:3.5.2]
	at org.apache.maven.surefire.booter.ForkedBooter.execute(ForkedBooter.java:162) ~[surefire-booter-3.5.2.jar:3.5.2]
	at org.apache.maven.surefire.booter.ForkedBooter.run(ForkedBooter.java:507) ~[surefire-booter-3.5.2.jar:3.5.2]
	at org.apache.maven.surefire.booter.ForkedBooter.main(ForkedBooter.java:495) ~[surefire-booter-3.5.2.jar:3.5.2]
Caused by: java.util.concurrent.TimeoutException: null
	at java.base/java.util.concurrent.CompletableFuture.timedGet(CompletableFuture.java:1960) ~[na:na]
	at java.base/java.util.concurrent.CompletableFuture.get(CompletableFuture.java:2095) ~[na:na]
	at org.apache.kafka.common.internals.KafkaFutureImpl.get(KafkaFutureImpl.java:180) ~[kafka-clients-3.7.1.jar:na]
	at org.springframework.kafka.core.KafkaAdmin.lambda$checkPartitions$13(KafkaAdmin.java:532) ~[spring-kafka-3.2.4.jar:3.2.4]
	... 93 common frames omitted

2024-11-11T12:29:41.630+01:00  INFO 36064 --- [timeline] [imeline-admin-0] org.apache.kafka.clients.NetworkClient   : [AdminClient clientId=timeline-admin-0] Node -1 disconnected.
2024-11-11T12:29:41.630+01:00  WARN 36064 --- [timeline] [imeline-admin-0] org.apache.kafka.clients.NetworkClient   : [AdminClient clientId=timeline-admin-0] Connection to node -1 (localhost/127.0.0.1:9092) could not be established. Node may not be available.
2024-11-11T12:29:42.640+01:00  INFO 36064 --- [timeline] [imeline-admin-0] org.apache.kafka.clients.NetworkClient   : [AdminClient clientId=timeline-admin-0] Node -1 disconnected.
2024-11-11T12:29:42.641+01:00  WARN 36064 --- [timeline] [imeline-admin-0] org.apache.kafka.clients.NetworkClient   : [AdminClient clientId=timeline-admin-0] Connection to node -1 (localhost/127.0.0.1:9092) could not be established. Node may not be available.
2024-11-11T12:29:43.652+01:00  INFO 36064 --- [timeline] [imeline-admin-0] org.apache.kafka.clients.NetworkClient   : [AdminClient clientId=timeline-admin-0] Node -1 disconnected.
2024-11-11T12:29:43.653+01:00  WARN 36064 --- [timeline] [imeline-admin-0] org.apache.kafka.clients.NetworkClient   : [AdminClient clientId=timeline-admin-0] Connection to node -1 (localhost/127.0.0.1:9092) could not be established. Node may not be available.
2024-11-11T12:29:44.665+01:00  INFO 36064 --- [timeline] [imeline-admin-0] org.apache.kafka.clients.NetworkClient   : [AdminClient clientId=timeline-admin-0] Node -1 disconnected.
2024-11-11T12:29:44.665+01:00  WARN 36064 --- [timeline] [imeline-admin-0] org.apache.kafka.clients.NetworkClient   : [AdminClient clientId=timeline-admin-0] Connection to node -1 (localhost/127.0.0.1:9092) could not be established. Node may not be available.
2024-11-11T12:29:45.678+01:00  INFO 36064 --- [timeline] [imeline-admin-0] org.apache.kafka.clients.NetworkClient   : [AdminClient clientId=timeline-admin-0] Node -1 disconnected.
2024-11-11T12:29:45.679+01:00  WARN 36064 --- [timeline] [imeline-admin-0] org.apache.kafka.clients.NetworkClient   : [AdminClient clientId=timeline-admin-0] Connection to node -1 (localhost/127.0.0.1:9092) could not be established. Node may not be available.
2024-11-11T12:29:46.590+01:00  INFO 36064 --- [timeline] [imeline-admin-0] org.apache.kafka.clients.NetworkClient   : [AdminClient clientId=timeline-admin-0] Node -1 disconnected.
2024-11-11T12:29:46.590+01:00  WARN 36064 --- [timeline] [imeline-admin-0] org.apache.kafka.clients.NetworkClient   : [AdminClient clientId=timeline-admin-0] Connection to node -1 (localhost/127.0.0.1:9092) could not be established. Node may not be available.
2024-11-11T12:29:47.500+01:00  INFO 36064 --- [timeline] [imeline-admin-0] org.apache.kafka.clients.NetworkClient   : [AdminClient clientId=timeline-admin-0] Node -1 disconnected.
2024-11-11T12:29:47.501+01:00  WARN 36064 --- [timeline] [imeline-admin-0] org.apache.kafka.clients.NetworkClient   : [AdminClient clientId=timeline-admin-0] Connection to node -1 (localhost/127.0.0.1:9092) could not be established. Node may not be available.
2024-11-11T12:29:48.312+01:00  INFO 36064 --- [timeline] [imeline-admin-0] org.apache.kafka.clients.NetworkClient   : [AdminClient clientId=timeline-admin-0] Node -1 disconnected.
2024-11-11T12:29:48.312+01:00  WARN 36064 --- [timeline] [imeline-admin-0] org.apache.kafka.clients.NetworkClient   : [AdminClient clientId=timeline-admin-0] Connection to node -1 (localhost/127.0.0.1:9092) could not be established. Node may not be available.
2024-11-11T12:29:49.325+01:00  INFO 36064 --- [timeline] [imeline-admin-0] org.apache.kafka.clients.NetworkClient   : [AdminClient clientId=timeline-admin-0] Node -1 disconnected.
2024-11-11T12:29:49.327+01:00  WARN 36064 --- [timeline] [imeline-admin-0] org.apache.kafka.clients.NetworkClient   : [AdminClient clientId=timeline-admin-0] Connection to node -1 (localhost/127.0.0.1:9092) could not be established. Node may not be available.
2024-11-11T12:29:50.340+01:00  INFO 36064 --- [timeline] [imeline-admin-0] org.apache.kafka.clients.NetworkClient   : [AdminClient clientId=timeline-admin-0] Node -1 disconnected.
2024-11-11T12:29:50.340+01:00  WARN 36064 --- [timeline] [imeline-admin-0] org.apache.kafka.clients.NetworkClient   : [AdminClient clientId=timeline-admin-0] Connection to node -1 (localhost/127.0.0.1:9092) could not be established. Node may not be available.
2024-11-11T12:29:51.226+01:00  INFO 36064 --- [timeline] [imeline-admin-0] o.a.k.clients.admin.KafkaAdminClient     : [AdminClient clientId=timeline-admin-0] Forcing a hard I/O thread shutdown. Requests in progress will be aborted.
2024-11-11T12:29:51.228+01:00  INFO 36064 --- [timeline] [imeline-admin-0] o.a.kafka.common.utils.AppInfoParser     : App info kafka.admin.client for timeline-admin-0 unregistered
2024-11-11T12:29:51.229+01:00  INFO 36064 --- [timeline] [imeline-admin-0] o.a.k.c.a.i.AdminMetadataManager         : [AdminClient clientId=timeline-admin-0] Metadata update failed

org.apache.kafka.common.errors.TimeoutException: The AdminClient thread has exited. Call: fetchMetadata

2024-11-11T12:29:51.229+01:00  INFO 36064 --- [timeline] [imeline-admin-0] o.a.k.clients.admin.KafkaAdminClient     : [AdminClient clientId=timeline-admin-0] Timed out 2 remaining operation(s) during close.
2024-11-11T12:29:51.232+01:00  INFO 36064 --- [timeline] [imeline-admin-0] o.apache.kafka.common.metrics.Metrics    : Metrics scheduler closed
2024-11-11T12:29:51.233+01:00  INFO 36064 --- [timeline] [imeline-admin-0] o.apache.kafka.common.metrics.Metrics    : Closing reporter org.apache.kafka.common.metrics.JmxReporter
2024-11-11T12:29:51.233+01:00  INFO 36064 --- [timeline] [imeline-admin-0] o.apache.kafka.common.metrics.Metrics    : Metrics reporters closed
2024-11-11T12:29:51.249+01:00  INFO 36064 --- [timeline] [           main] o.a.k.clients.consumer.ConsumerConfig    : ConsumerConfig values: 
	allow.auto.create.topics = true
	auto.commit.interval.ms = 5000
	auto.include.jmx.reporter = true
	auto.offset.reset = latest
	bootstrap.servers = [localhost:9092]
	check.crcs = true
	client.dns.lookup = use_all_dns_ips
	client.id = consumer-timeline-group-dlt-1
	client.rack = 
	connections.max.idle.ms = 540000
	default.api.timeout.ms = 60000
	enable.auto.commit = false
	enable.metrics.push = true
	exclude.internal.topics = true
	fetch.max.bytes = 52428800
	fetch.max.wait.ms = 500
	fetch.min.bytes = 1
	group.id = timeline-group-dlt
	group.instance.id = null
	group.protocol = classic
	group.remote.assignor = null
	heartbeat.interval.ms = 3000
	interceptor.classes = []
	internal.leave.group.on.close = true
	internal.throw.on.fetch.stable.offset.unsupported = false
	isolation.level = read_uncommitted
	key.deserializer = class org.apache.kafka.common.serialization.StringDeserializer
	max.partition.fetch.bytes = 1048576
	max.poll.interval.ms = 300000
	max.poll.records = 500
	metadata.max.age.ms = 300000
	metric.reporters = []
	metrics.num.samples = 2
	metrics.recording.level = INFO
	metrics.sample.window.ms = 30000
	partition.assignment.strategy = [class org.apache.kafka.clients.consumer.RangeAssignor, class org.apache.kafka.clients.consumer.CooperativeStickyAssignor]
	receive.buffer.bytes = 65536
	reconnect.backoff.max.ms = 1000
	reconnect.backoff.ms = 50
	request.timeout.ms = 30000
	retry.backoff.max.ms = 1000
	retry.backoff.ms = 100
	sasl.client.callback.handler.class = null
	sasl.jaas.config = null
	sasl.kerberos.kinit.cmd = /usr/bin/kinit
	sasl.kerberos.min.time.before.relogin = 60000
	sasl.kerberos.service.name = null
	sasl.kerberos.ticket.renew.jitter = 0.05
	sasl.kerberos.ticket.renew.window.factor = 0.8
	sasl.login.callback.handler.class = null
	sasl.login.class = null
	sasl.login.connect.timeout.ms = null
	sasl.login.read.timeout.ms = null
	sasl.login.refresh.buffer.seconds = 300
	sasl.login.refresh.min.period.seconds = 60
	sasl.login.refresh.window.factor = 0.8
	sasl.login.refresh.window.jitter = 0.05
	sasl.login.retry.backoff.max.ms = 10000
	sasl.login.retry.backoff.ms = 100
	sasl.mechanism = GSSAPI
	sasl.oauthbearer.clock.skew.seconds = 30
	sasl.oauthbearer.expected.audience = null
	sasl.oauthbearer.expected.issuer = null
	sasl.oauthbearer.jwks.endpoint.refresh.ms = 3600000
	sasl.oauthbearer.jwks.endpoint.retry.backoff.max.ms = 10000
	sasl.oauthbearer.jwks.endpoint.retry.backoff.ms = 100
	sasl.oauthbearer.jwks.endpoint.url = null
	sasl.oauthbearer.scope.claim.name = scope
	sasl.oauthbearer.sub.claim.name = sub
	sasl.oauthbearer.token.endpoint.url = null
	security.protocol = PLAINTEXT
	security.providers = null
	send.buffer.bytes = 131072
	session.timeout.ms = 45000
	socket.connection.setup.timeout.max.ms = 30000
	socket.connection.setup.timeout.ms = 10000
	ssl.cipher.suites = null
	ssl.enabled.protocols = [TLSv1.2, TLSv1.3]
	ssl.endpoint.identification.algorithm = https
	ssl.engine.factory.class = null
	ssl.key.password = null
	ssl.keymanager.algorithm = SunX509
	ssl.keystore.certificate.chain = null
	ssl.keystore.key = null
	ssl.keystore.location = null
	ssl.keystore.password = null
	ssl.keystore.type = JKS
	ssl.protocol = TLSv1.3
	ssl.provider = null
	ssl.secure.random.implementation = null
	ssl.trustmanager.algorithm = PKIX
	ssl.truststore.certificates = null
	ssl.truststore.location = null
	ssl.truststore.password = null
	ssl.truststore.type = JKS
	value.deserializer = class org.apache.kafka.common.serialization.StringDeserializer

2024-11-11T12:29:51.268+01:00  INFO 36064 --- [timeline] [           main] o.a.k.c.t.i.KafkaMetricsCollector        : initializing Kafka metrics collector
2024-11-11T12:29:51.293+01:00  INFO 36064 --- [timeline] [           main] o.a.kafka.common.utils.AppInfoParser     : Kafka version: 3.7.1
2024-11-11T12:29:51.293+01:00  INFO 36064 --- [timeline] [           main] o.a.kafka.common.utils.AppInfoParser     : Kafka commitId: e2494e6ffb89f828
2024-11-11T12:29:51.293+01:00  INFO 36064 --- [timeline] [           main] o.a.kafka.common.utils.AppInfoParser     : Kafka startTimeMs: 1731324591293
2024-11-11T12:29:51.294+01:00  INFO 36064 --- [timeline] [           main] o.a.k.c.c.internals.LegacyKafkaConsumer  : [Consumer clientId=consumer-timeline-group-dlt-1, groupId=timeline-group-dlt] Subscribed to topic(s): AUTH-dlt
2024-11-11T12:29:51.297+01:00  INFO 36064 --- [timeline] [           main] o.a.k.clients.consumer.ConsumerConfig    : ConsumerConfig values: 
	allow.auto.create.topics = true
	auto.commit.interval.ms = 5000
	auto.include.jmx.reporter = true
	auto.offset.reset = latest
	bootstrap.servers = [localhost:9092]
	check.crcs = true
	client.dns.lookup = use_all_dns_ips
	client.id = consumer-timeline-group-2
	client.rack = 
	connections.max.idle.ms = 540000
	default.api.timeout.ms = 60000
	enable.auto.commit = false
	enable.metrics.push = true
	exclude.internal.topics = true
	fetch.max.bytes = 52428800
	fetch.max.wait.ms = 500
	fetch.min.bytes = 1
	group.id = timeline-group
	group.instance.id = null
	group.protocol = classic
	group.remote.assignor = null
	heartbeat.interval.ms = 3000
	interceptor.classes = []
	internal.leave.group.on.close = true
	internal.throw.on.fetch.stable.offset.unsupported = false
	isolation.level = read_uncommitted
	key.deserializer = class org.apache.kafka.common.serialization.StringDeserializer
	max.partition.fetch.bytes = 1048576
	max.poll.interval.ms = 300000
	max.poll.records = 500
	metadata.max.age.ms = 300000
	metric.reporters = []
	metrics.num.samples = 2
	metrics.recording.level = INFO
	metrics.sample.window.ms = 30000
	partition.assignment.strategy = [class org.apache.kafka.clients.consumer.RangeAssignor, class org.apache.kafka.clients.consumer.CooperativeStickyAssignor]
	receive.buffer.bytes = 65536
	reconnect.backoff.max.ms = 1000
	reconnect.backoff.ms = 50
	request.timeout.ms = 30000
	retry.backoff.max.ms = 1000
	retry.backoff.ms = 100
	sasl.client.callback.handler.class = null
	sasl.jaas.config = null
	sasl.kerberos.kinit.cmd = /usr/bin/kinit
	sasl.kerberos.min.time.before.relogin = 60000
	sasl.kerberos.service.name = null
	sasl.kerberos.ticket.renew.jitter = 0.05
	sasl.kerberos.ticket.renew.window.factor = 0.8
	sasl.login.callback.handler.class = null
	sasl.login.class = null
	sasl.login.connect.timeout.ms = null
	sasl.login.read.timeout.ms = null
	sasl.login.refresh.buffer.seconds = 300
	sasl.login.refresh.min.period.seconds = 60
	sasl.login.refresh.window.factor = 0.8
	sasl.login.refresh.window.jitter = 0.05
	sasl.login.retry.backoff.max.ms = 10000
	sasl.login.retry.backoff.ms = 100
	sasl.mechanism = GSSAPI
	sasl.oauthbearer.clock.skew.seconds = 30
	sasl.oauthbearer.expected.audience = null
	sasl.oauthbearer.expected.issuer = null
	sasl.oauthbearer.jwks.endpoint.refresh.ms = 3600000
	sasl.oauthbearer.jwks.endpoint.retry.backoff.max.ms = 10000
	sasl.oauthbearer.jwks.endpoint.retry.backoff.ms = 100
	sasl.oauthbearer.jwks.endpoint.url = null
	sasl.oauthbearer.scope.claim.name = scope
	sasl.oauthbearer.sub.claim.name = sub
	sasl.oauthbearer.token.endpoint.url = null
	security.protocol = PLAINTEXT
	security.providers = null
	send.buffer.bytes = 131072
	session.timeout.ms = 45000
	socket.connection.setup.timeout.max.ms = 30000
	socket.connection.setup.timeout.ms = 10000
	ssl.cipher.suites = null
	ssl.enabled.protocols = [TLSv1.2, TLSv1.3]
	ssl.endpoint.identification.algorithm = https
	ssl.engine.factory.class = null
	ssl.key.password = null
	ssl.keymanager.algorithm = SunX509
	ssl.keystore.certificate.chain = null
	ssl.keystore.key = null
	ssl.keystore.location = null
	ssl.keystore.password = null
	ssl.keystore.type = JKS
	ssl.protocol = TLSv1.3
	ssl.provider = null
	ssl.secure.random.implementation = null
	ssl.trustmanager.algorithm = PKIX
	ssl.truststore.certificates = null
	ssl.truststore.location = null
	ssl.truststore.password = null
	ssl.truststore.type = JKS
	value.deserializer = class org.apache.kafka.common.serialization.StringDeserializer

2024-11-11T12:29:51.297+01:00  INFO 36064 --- [timeline] [           main] o.a.k.c.t.i.KafkaMetricsCollector        : initializing Kafka metrics collector
2024-11-11T12:29:51.299+01:00  INFO 36064 --- [timeline] [           main] o.a.kafka.common.utils.AppInfoParser     : Kafka version: 3.7.1
2024-11-11T12:29:51.299+01:00  INFO 36064 --- [timeline] [           main] o.a.kafka.common.utils.AppInfoParser     : Kafka commitId: e2494e6ffb89f828
2024-11-11T12:29:51.299+01:00  INFO 36064 --- [timeline] [           main] o.a.kafka.common.utils.AppInfoParser     : Kafka startTimeMs: 1731324591299
2024-11-11T12:29:51.300+01:00  INFO 36064 --- [timeline] [           main] o.a.k.c.c.internals.LegacyKafkaConsumer  : [Consumer clientId=consumer-timeline-group-2, groupId=timeline-group] Subscribed to topic(s): AUTH
2024-11-11T12:29:51.300+01:00  INFO 36064 --- [timeline] [           main] o.a.k.clients.consumer.ConsumerConfig    : ConsumerConfig values: 
	allow.auto.create.topics = true
	auto.commit.interval.ms = 5000
	auto.include.jmx.reporter = true
	auto.offset.reset = latest
	bootstrap.servers = [localhost:9092]
	check.crcs = true
	client.dns.lookup = use_all_dns_ips
	client.id = consumer-timeline-group-retry-3
	client.rack = 
	connections.max.idle.ms = 540000
	default.api.timeout.ms = 60000
	enable.auto.commit = false
	enable.metrics.push = true
	exclude.internal.topics = true
	fetch.max.bytes = 52428800
	fetch.max.wait.ms = 500
	fetch.min.bytes = 1
	group.id = timeline-group-retry
	group.instance.id = null
	group.protocol = classic
	group.remote.assignor = null
	heartbeat.interval.ms = 3000
	interceptor.classes = []
	internal.leave.group.on.close = true
	internal.throw.on.fetch.stable.offset.unsupported = false
	isolation.level = read_uncommitted
	key.deserializer = class org.apache.kafka.common.serialization.StringDeserializer
	max.partition.fetch.bytes = 1048576
	max.poll.interval.ms = 300000
	max.poll.records = 500
	metadata.max.age.ms = 300000
	metric.reporters = []
	metrics.num.samples = 2
	metrics.recording.level = INFO
	metrics.sample.window.ms = 30000
	partition.assignment.strategy = [class org.apache.kafka.clients.consumer.RangeAssignor, class org.apache.kafka.clients.consumer.CooperativeStickyAssignor]
	receive.buffer.bytes = 65536
	reconnect.backoff.max.ms = 1000
	reconnect.backoff.ms = 50
	request.timeout.ms = 30000
	retry.backoff.max.ms = 1000
	retry.backoff.ms = 100
	sasl.client.callback.handler.class = null
	sasl.jaas.config = null
	sasl.kerberos.kinit.cmd = /usr/bin/kinit
	sasl.kerberos.min.time.before.relogin = 60000
	sasl.kerberos.service.name = null
	sasl.kerberos.ticket.renew.jitter = 0.05
	sasl.kerberos.ticket.renew.window.factor = 0.8
	sasl.login.callback.handler.class = null
	sasl.login.class = null
	sasl.login.connect.timeout.ms = null
	sasl.login.read.timeout.ms = null
	sasl.login.refresh.buffer.seconds = 300
	sasl.login.refresh.min.period.seconds = 60
	sasl.login.refresh.window.factor = 0.8
	sasl.login.refresh.window.jitter = 0.05
	sasl.login.retry.backoff.max.ms = 10000
	sasl.login.retry.backoff.ms = 100
	sasl.mechanism = GSSAPI
	sasl.oauthbearer.clock.skew.seconds = 30
	sasl.oauthbearer.expected.audience = null
	sasl.oauthbearer.expected.issuer = null
	sasl.oauthbearer.jwks.endpoint.refresh.ms = 3600000
	sasl.oauthbearer.jwks.endpoint.retry.backoff.max.ms = 10000
	sasl.oauthbearer.jwks.endpoint.retry.backoff.ms = 100
	sasl.oauthbearer.jwks.endpoint.url = null
	sasl.oauthbearer.scope.claim.name = scope
	sasl.oauthbearer.sub.claim.name = sub
	sasl.oauthbearer.token.endpoint.url = null
	security.protocol = PLAINTEXT
	security.providers = null
	send.buffer.bytes = 131072
	session.timeout.ms = 45000
	socket.connection.setup.timeout.max.ms = 30000
	socket.connection.setup.timeout.ms = 10000
	ssl.cipher.suites = null
	ssl.enabled.protocols = [TLSv1.2, TLSv1.3]
	ssl.endpoint.identification.algorithm = https
	ssl.engine.factory.class = null
	ssl.key.password = null
	ssl.keymanager.algorithm = SunX509
	ssl.keystore.certificate.chain = null
	ssl.keystore.key = null
	ssl.keystore.location = null
	ssl.keystore.password = null
	ssl.keystore.type = JKS
	ssl.protocol = TLSv1.3
	ssl.provider = null
	ssl.secure.random.implementation = null
	ssl.trustmanager.algorithm = PKIX
	ssl.truststore.certificates = null
	ssl.truststore.location = null
	ssl.truststore.password = null
	ssl.truststore.type = JKS
	value.deserializer = class org.apache.kafka.common.serialization.StringDeserializer

2024-11-11T12:29:51.300+01:00  INFO 36064 --- [timeline] [           main] o.a.k.c.t.i.KafkaMetricsCollector        : initializing Kafka metrics collector
2024-11-11T12:29:51.302+01:00  INFO 36064 --- [timeline] [           main] o.a.kafka.common.utils.AppInfoParser     : Kafka version: 3.7.1
2024-11-11T12:29:51.302+01:00  INFO 36064 --- [timeline] [           main] o.a.kafka.common.utils.AppInfoParser     : Kafka commitId: e2494e6ffb89f828
2024-11-11T12:29:51.302+01:00  INFO 36064 --- [timeline] [           main] o.a.kafka.common.utils.AppInfoParser     : Kafka startTimeMs: 1731324591302
2024-11-11T12:29:51.302+01:00  INFO 36064 --- [timeline] [           main] o.a.k.c.c.internals.LegacyKafkaConsumer  : [Consumer clientId=consumer-timeline-group-retry-3, groupId=timeline-group-retry] Subscribed to topic(s): AUTH-retry
2024-11-11T12:29:51.307+01:00  INFO 36064 --- [timeline] [           main] n.r.m.a.t.TimelineApplicationTests       : Started TimelineApplicationTests in 41.541 seconds (process running for 41.9)
2024-11-11T12:29:51.373+01:00  INFO 36064 --- [timeline] [ner#0-dlt-0-C-1] org.apache.kafka.clients.NetworkClient   : [Consumer clientId=consumer-timeline-group-dlt-1, groupId=timeline-group-dlt] Node -1 disconnected.
2024-11-11T12:29:51.373+01:00  WARN 36064 --- [timeline] [ner#0-dlt-0-C-1] org.apache.kafka.clients.NetworkClient   : [Consumer clientId=consumer-timeline-group-dlt-1, groupId=timeline-group-dlt] Connection to node -1 (localhost/127.0.0.1:9092) could not be established. Node may not be available.
2024-11-11T12:29:51.374+01:00  WARN 36064 --- [timeline] [ner#0-dlt-0-C-1] org.apache.kafka.clients.NetworkClient   : [Consumer clientId=consumer-timeline-group-dlt-1, groupId=timeline-group-dlt] Bootstrap broker localhost:9092 (id: -1 rack: null) disconnected
2024-11-11T12:29:51.374+01:00  INFO 36064 --- [timeline] [r#0-retry-0-C-1] org.apache.kafka.clients.NetworkClient   : [Consumer clientId=consumer-timeline-group-retry-3, groupId=timeline-group-retry] Node -1 disconnected.
2024-11-11T12:29:51.374+01:00  WARN 36064 --- [timeline] [r#0-retry-0-C-1] org.apache.kafka.clients.NetworkClient   : [Consumer clientId=consumer-timeline-group-retry-3, groupId=timeline-group-retry] Connection to node -1 (localhost/127.0.0.1:9092) could not be established. Node may not be available.
2024-11-11T12:29:51.374+01:00  INFO 36064 --- [timeline] [ntainer#0-0-C-1] org.apache.kafka.clients.NetworkClient   : [Consumer clientId=consumer-timeline-group-2, groupId=timeline-group] Node -1 disconnected.
2024-11-11T12:29:51.374+01:00  WARN 36064 --- [timeline] [r#0-retry-0-C-1] org.apache.kafka.clients.NetworkClient   : [Consumer clientId=consumer-timeline-group-retry-3, groupId=timeline-group-retry] Bootstrap broker localhost:9092 (id: -1 rack: null) disconnected
2024-11-11T12:29:51.374+01:00  WARN 36064 --- [timeline] [ntainer#0-0-C-1] org.apache.kafka.clients.NetworkClient   : [Consumer clientId=consumer-timeline-group-2, groupId=timeline-group] Connection to node -1 (localhost/127.0.0.1:9092) could not be established. Node may not be available.
2024-11-11T12:29:51.374+01:00  WARN 36064 --- [timeline] [ntainer#0-0-C-1] org.apache.kafka.clients.NetworkClient   : [Consumer clientId=consumer-timeline-group-2, groupId=timeline-group] Bootstrap broker localhost:9092 (id: -1 rack: null) disconnected
2024-11-11T12:29:51.466+01:00  INFO 36064 --- [timeline] [r#0-retry-0-C-1] org.apache.kafka.clients.NetworkClient   : [Consumer clientId=consumer-timeline-group-retry-3, groupId=timeline-group-retry] Node -1 disconnected.
2024-11-11T12:29:51.466+01:00  WARN 36064 --- [timeline] [r#0-retry-0-C-1] org.apache.kafka.clients.NetworkClient   : [Consumer clientId=consumer-timeline-group-retry-3, groupId=timeline-group-retry] Connection to node -1 (localhost/127.0.0.1:9092) could not be established. Node may not be available.
2024-11-11T12:29:51.466+01:00  WARN 36064 --- [timeline] [r#0-retry-0-C-1] org.apache.kafka.clients.NetworkClient   : [Consumer clientId=consumer-timeline-group-retry-3, groupId=timeline-group-retry] Bootstrap broker localhost:9092 (id: -1 rack: null) disconnected
2024-11-11T12:29:51.478+01:00  INFO 36064 --- [timeline] [ntainer#0-0-C-1] org.apache.kafka.clients.NetworkClient   : [Consumer clientId=consumer-timeline-group-2, groupId=timeline-group] Node -1 disconnected.
2024-11-11T12:29:51.478+01:00  WARN 36064 --- [timeline] [ntainer#0-0-C-1] org.apache.kafka.clients.NetworkClient   : [Consumer clientId=consumer-timeline-group-2, groupId=timeline-group] Connection to node -1 (localhost/127.0.0.1:9092) could not be established. Node may not be available.
2024-11-11T12:29:51.478+01:00  WARN 36064 --- [timeline] [ntainer#0-0-C-1] org.apache.kafka.clients.NetworkClient   : [Consumer clientId=consumer-timeline-group-2, groupId=timeline-group] Bootstrap broker localhost:9092 (id: -1 rack: null) disconnected
2024-11-11T12:29:51.498+01:00  INFO 36064 --- [timeline] [ner#0-dlt-0-C-1] org.apache.kafka.clients.NetworkClient   : [Consumer clientId=consumer-timeline-group-dlt-1, groupId=timeline-group-dlt] Node -1 disconnected.
2024-11-11T12:29:51.498+01:00  WARN 36064 --- [timeline] [ner#0-dlt-0-C-1] org.apache.kafka.clients.NetworkClient   : [Consumer clientId=consumer-timeline-group-dlt-1, groupId=timeline-group-dlt] Connection to node -1 (localhost/127.0.0.1:9092) could not be established. Node may not be available.
2024-11-11T12:29:51.498+01:00  WARN 36064 --- [timeline] [ner#0-dlt-0-C-1] org.apache.kafka.clients.NetworkClient   : [Consumer clientId=consumer-timeline-group-dlt-1, groupId=timeline-group-dlt] Bootstrap broker localhost:9092 (id: -1 rack: null) disconnected
2024-11-11T12:29:51.580+01:00  INFO 36064 --- [timeline] [ntainer#0-0-C-1] org.apache.kafka.clients.NetworkClient   : [Consumer clientId=consumer-timeline-group-2, groupId=timeline-group] Node -1 disconnected.
2024-11-11T12:29:51.580+01:00  WARN 36064 --- [timeline] [ntainer#0-0-C-1] org.apache.kafka.clients.NetworkClient   : [Consumer clientId=consumer-timeline-group-2, groupId=timeline-group] Connection to node -1 (localhost/127.0.0.1:9092) could not be established. Node may not be available.
2024-11-11T12:29:51.580+01:00  WARN 36064 --- [timeline] [ntainer#0-0-C-1] org.apache.kafka.clients.NetworkClient   : [Consumer clientId=consumer-timeline-group-2, groupId=timeline-group] Bootstrap broker localhost:9092 (id: -1 rack: null) disconnected
]]></system-out>
    <system-err><![CDATA[Nov 11, 2024 12:29:09 PM org.junit.platform.launcher.core.LauncherConfigurationParameters loadClasspathResource
WARNING: Discovered 2 'junit-platform.properties' configuration files in the classpath; only the first will be used.
Nov 11, 2024 12:29:09 PM org.junit.platform.launcher.core.LauncherConfigurationParameters loadClasspathResource
WARNING: Discovered 2 'junit-platform.properties' configuration files in the classpath; only the first will be used.
Nov 11, 2024 12:29:09 PM org.junit.platform.launcher.core.LauncherConfigurationParameters loadClasspathResource
WARNING: Discovered 2 'junit-platform.properties' configuration files in the classpath; only the first will be used.
Nov 11, 2024 12:29:09 PM org.junit.platform.launcher.core.LauncherConfigurationParameters loadClasspathResource
WARNING: Discovered 2 'junit-platform.properties' configuration files in the classpath; only the first will be used.
Nov 11, 2024 12:29:09 PM org.junit.platform.launcher.core.LauncherConfigurationParameters loadClasspathResource
WARNING: Discovered 2 'junit-platform.properties' configuration files in the classpath; only the first will be used.
Nov 11, 2024 12:29:09 PM org.junit.platform.launcher.core.LauncherConfigurationParameters loadClasspathResource
WARNING: Discovered 2 'junit-platform.properties' configuration files in the classpath; only the first will be used.
Nov 11, 2024 12:29:09 PM org.junit.platform.launcher.core.LauncherConfigurationParameters loadClasspathResource
WARNING: Discovered 2 'junit-platform.properties' configuration files in the classpath; only the first will be used.
Nov 11, 2024 12:29:09 PM org.junit.platform.launcher.core.LauncherConfigurationParameters loadClasspathResource
WARNING: Discovered 2 'junit-platform.properties' configuration files in the classpath; only the first will be used.
WARNING: A Java agent has been loaded dynamically (/Users/mithunramkumararumugam/.m2/repository/net/bytebuddy/byte-buddy-agent/1.14.19/byte-buddy-agent-1.14.19.jar)
WARNING: If a serviceability tool is in use, please run with -XX:+EnableDynamicAgentLoading to hide this warning
WARNING: If a serviceability tool is not in use, please run with -Djdk.instrument.traceUsage for more information
WARNING: Dynamic loading of agents will be disallowed by default in a future release
]]></system-err>
  </testcase>
</testsuite>